Log file open, 08/05/16 10:53:37
LogInit:Display: Running engine for game: OneEyedTank
LogPlatformFile: Not using cached read wrapper
LogInit:Display: RandInit(1272915343) SRandInit(1272915344).
LogTaskGraph: Started task graph with 4 named threads and 11 total threads with 1 sets of task threads.
LogStats: Stats thread started at 0.117656
LogInit: Version: 4.12.5-3039270+++UE4+Release-4.12
LogInit: API Version: 2992821
LogInit: Net Version: 3039270
LogDevObjectVersion: Number of dev versions registered: 13
LogDevObjectVersion:   Dev-Blueprints (B0D832E4-1F89-4F0D-ACCF-7EB736FD4AA2): 3
LogDevObjectVersion:   Dev-Build (E1C64328-A22C-4D53-A36C-8E866417BD8C): 0
LogDevObjectVersion:   Dev-Core (375EC13C-06E4-48FB-B500-84F0262A717E): 1
LogDevObjectVersion:   Dev-Editor (E4B068ED-F494-42E9-A231-DA0B2E46BB41): 2
LogDevObjectVersion:   Dev-Framework (CFFC743F-43B0-4480-9391-14DF171D2073): 6
LogDevObjectVersion:   Dev-Mobile (B02B49B5-BB20-44E9-A304-32B752E40360): 0
LogDevObjectVersion:   Dev-Networking (A4E4105C-59A1-49B5-A7C5-40C4547EDFEE): 0
LogDevObjectVersion:   Dev-Online (39C831C9-5AE6-47DC-9A44-9C173E1C8E7C): 0
LogDevObjectVersion:   Dev-Physics (78F01B33-EBEA-4F98-B9B4-84EACCB95AA2): 0
LogDevObjectVersion:   Dev-Platform (6631380F-2D4D-43E0-8009-CF276956A95A): 0
LogDevObjectVersion:   Dev-Rendering (12F88B9F-8875-4AFC-A67C-D90C383ABD29): 2
LogDevObjectVersion:   Dev-Sequencer (7B5AE74C-D270-4C10-A958-57980B212A5A): 0
LogDevObjectVersion:   Dev-VR (D7296918-1DD6-4BDD-9DE2-64A83CC13884): 0
LogInit: Compiled (64-bit): Jul  6 2016 09:09:46
LogInit: Compiled with Visual C++: 19.00.23026.00
LogInit: Build Configuration: Development
LogInit: Branch Name: ++UE4+Release-4.12
LogInit: Command line: -EpicPortal 
LogInit: Base directory: F:/Programs/Epic Games/4.12/Engine/Binaries/Win64/
LogInit: Installed Engine Build: 1
LogInit: Using libcurl 7.41.0
LogInit:  - built for x86_64-pc-win32
LogInit:  - supports SSL with WinSSL
LogInit:  - other features:
LogInit:      CURL_VERSION_SSL
LogInit:      CURL_VERSION_IPV6
LogInit:      CURL_VERSION_ASYNCHDNS
LogInit:      CURL_VERSION_LARGEFILE
LogInit:      CURL_VERSION_IDN
LogInit:  CurlRequestOptions (configurable via config and command line):
LogInit:  - bVerifyPeer = true  - Libcurl will verify peer certificate
LogInit:  - bUseHttpProxy = false  - Libcurl will NOT use HTTP proxy
LogInit:  - bDontReuseConnections = false  - Libcurl will reuse connections
LogInit:  - CertBundlePath = nullptr  - Libcurl will use whatever was configured at build time.
LogInit: Presizing for max 8388607 objects, including 0 objects not considered by GC, pre-allocating 0 bytes for permanent pool.
LogInit: Object subsystem initialized
[2016.08.05-14.53.37:347][  0]LogInit: Selected Device Profile: [Windows]
[2016.08.05-14.53.37:347][  0]LogInit: Applying CVar settings loaded from the selected device profile: [Windows]
[2016.08.05-14.53.37:371][  0]LogInit: Computer: Z600-PC
[2016.08.05-14.53.37:371][  0]LogInit: User: Z600
[2016.08.05-14.53.37:371][  0]LogInit: CPU Page size=65536, Cores=8
[2016.08.05-14.53.37:371][  0]LogInit: High frequency timer resolution =2.597724 MHz
[2016.08.05-14.53.37:372][  0]LogMemory: Memory total: Physical=12.0GB (12GB approx)
[2016.08.05-14.53.37:372][  0]LogMemory: Platform Memory Stats for Windows
[2016.08.05-14.53.37:372][  0]LogMemory: Process Physical Memory: 192.94 MB used, 192.94 MB peak
[2016.08.05-14.53.37:372][  0]LogMemory: Process Virtual Memory: 198.04 MB used, 198.04 MB peak
[2016.08.05-14.53.37:372][  0]LogMemory: Physical Memory: 6181.94 MB used, 12271.22 MB total
[2016.08.05-14.53.37:372][  0]LogMemory: Virtual Memory: 524.45 MB used, 8388608.00 MB total
[2016.08.05-14.53.37:434][  0]LogTextLocalizationManager: No specific translations for ('en-US') exist, so ('en') translations will be used.
[2016.08.05-14.53.38:008][  0]LogD3D11RHI: D3D11 adapters:
[2016.08.05-14.53.38:029][  0]LogD3D11RHI:    0. 'NVIDIA GeForce GTX 960' (Feature Level 11_0)
[2016.08.05-14.53.38:029][  0]LogD3D11RHI:       4010/0/5879 MB DedicatedVideo/DedicatedSystem/SharedSystem, Outputs:2, VendorId:0x10de
[2016.08.05-14.53.38:029][  0]LogD3D11RHI: Chosen D3D11 Adapter: 0
[2016.08.05-14.53.38:035][  0]LogD3D11RHI: Creating new Direct3DDevice
[2016.08.05-14.53.38:035][  0]LogD3D11RHI:     GPU DeviceId: 0x1401 (for the marketing name, search the web for "GPU Device Id")
[2016.08.05-14.53.38:035][  0]LogWindows: EnumDisplayDevices:
[2016.08.05-14.53.38:035][  0]LogWindows:    0. 'NVIDIA GeForce GTX 960' (P:1 D:1)
[2016.08.05-14.53.38:035][  0]LogWindows:    1. 'NVIDIA GeForce GTX 960' (P:0 D:1)
[2016.08.05-14.53.38:035][  0]LogWindows:    2. 'NVIDIA GeForce GTX 960' (P:0 D:0)
[2016.08.05-14.53.38:036][  0]LogWindows:    3. 'NVIDIA GeForce GTX 960' (P:0 D:0)
[2016.08.05-14.53.38:036][  0]LogWindows:    4. 'RDPDD Chained DD' (P:0 D:0)
[2016.08.05-14.53.38:036][  0]LogWindows:    5. 'RDP Encoder Mirror Driver' (P:0 D:0)
[2016.08.05-14.53.38:036][  0]LogWindows:    6. 'RDP Reflector Display Driver' (P:0 D:0)
[2016.08.05-14.53.38:036][  0]LogWindows: DebugString: GetVideoDriverDetailsInvalid PrimaryIsNotTheChoosenAdapter GetVideoDriverDetailsInvalid PrimaryIsNotTheChoosenAdapter GetVideoDriverDetailsInvalid PrimaryIsNotTheChoosenAdapter FoundDriverCount:4 
[2016.08.05-14.53.38:036][  0]LogD3D11RHI:     Adapter Name: NVIDIA GeForce GTX 960
[2016.08.05-14.53.38:036][  0]LogD3D11RHI:   Driver Version: 361.43 (internal:10.18.13.6143, unified:361.43)
[2016.08.05-14.53.38:036][  0]LogD3D11RHI:      Driver Date: 12-16-2015
[2016.08.05-14.53.38:036][  0]LogRHI: Texture pool is 1361 MB (70% of 1945 MB)
[2016.08.05-14.53.38:049][  0]LogD3D11RHI: Async texture creation enabled
[2016.08.05-14.53.38:066][  0]LogD3D11RHI: GPU Timing Frequency: 1000.000000 (Debug: 2 2)
[2016.08.05-14.53.38:066][  0]LogShaderCompilers: Guid format shader working directory is 23 characters bigger than the processId version (D:/Unreal/OneEyedTank/Intermediate/Shaders/WorkingDirectory/11308/).
[2016.08.05-14.53.38:066][  0]LogShaderCompilers: Cleaned the shader compiler working directory 'C:/Users/Z600/AppData/Local/Temp/UnrealShaderWorkingDir/5319FEE9457C4AEB9E9F7D8D7AAF2F24/'.
[2016.08.05-14.53.38:066][  0]LogShaderCompilers:Display: Using Local Shader Compiler.
[2016.08.05-14.53.39:358][  0]LogTemp:Display: Loaded TP AllDesktopTargetPlatform
[2016.08.05-14.53.39:373][  0]LogTemp:Display: Loaded TP WindowsClientTargetPlatform
[2016.08.05-14.53.39:387][  0]LogTemp:Display: Loaded TP WindowsNoEditorTargetPlatform
[2016.08.05-14.53.39:400][  0]LogTemp:Display: Loaded TP WindowsServerTargetPlatform
[2016.08.05-14.53.39:414][  0]LogTemp:Display: Loaded TP WindowsTargetPlatform
[2016.08.05-14.53.39:426][  0]LogTemp:Display: Loaded TP AndroidTargetPlatform
[2016.08.05-14.53.39:437][  0]LogTemp:Display: Loaded TP Android_ASTCTargetPlatform
[2016.08.05-14.53.39:449][  0]LogTemp:Display: Loaded TP Android_ATCTargetPlatform
[2016.08.05-14.53.39:461][  0]LogTemp:Display: Loaded TP Android_DXTTargetPlatform
[2016.08.05-14.53.39:472][  0]LogTemp:Display: Loaded TP Android_ETC1TargetPlatform
[2016.08.05-14.53.39:484][  0]LogTemp:Display: Loaded TP Android_ETC2TargetPlatform
[2016.08.05-14.53.39:508][  0]LogTemp:Display: Loaded TP Android_MultiTargetPlatform
[2016.08.05-14.53.39:508][  0]LogTemp:Display: Loaded TP Android_PVRTCTargetPlatform
[2016.08.05-14.53.39:510][  0]LogTemp:Display: Loaded TP HTML5TargetPlatform
[2016.08.05-14.53.39:537][  0]LogTemp:Display: Loaded TP IOSTargetPlatform
[2016.08.05-14.53.39:549][  0]LogTemp:Display: Loaded TP TVOSTargetPlatform
[2016.08.05-14.53.39:561][  0]LogTemp:Display: Loaded TP LinuxNoEditorTargetPlatform
[2016.08.05-14.53.39:574][  0]LogTemp:Display: Loaded TP LinuxServerTargetPlatform
[2016.08.05-14.53.39:586][  0]LogTemp:Display: Loaded TP LinuxTargetPlatform
[2016.08.05-14.53.39:586][  0]LogTargetPlatformManager:Display: Building Assets For Windows
[2016.08.05-14.53.39:700][  0]LogDerivedDataCache:Display: Max Cache Size: 512 MB
[2016.08.05-14.53.39:786][  0]LogDerivedDataCache: Loaded boot cache 0.09s 48MB C:/Users/Z600/AppData/Local/UnrealEngine/4.12/DerivedDataCache/Boot.ddc.
[2016.08.05-14.53.39:786][  0]LogDerivedDataCache:Display: Loaded Boot cache: C:/Users/Z600/AppData/Local/UnrealEngine/4.12/DerivedDataCache/Boot.ddc
[2016.08.05-14.53.39:786][  0]LogDerivedDataCache: FDerivedDataBackendGraph:  Pak pak cache file D:/Unreal/OneEyedTank/DerivedDataCache/DDC.ddp not found, will not use a pak cache.
[2016.08.05-14.53.39:786][  0]LogDerivedDataCache: Unable to find inner node Pak for hierarchical cache Hierarchy.
[2016.08.05-14.53.39:786][  0]LogDerivedDataCache: FDerivedDataBackendGraph:  CompressedPak pak cache file D:/Unreal/OneEyedTank/DerivedDataCache/Compressed.ddp not found, will not use a pak cache.
[2016.08.05-14.53.39:786][  0]LogDerivedDataCache: Unable to find inner node CompressedPak for hierarchical cache Hierarchy.
[2016.08.05-14.53.39:815][  0]LogDerivedDataCache:Display: Pak cache opened for reading ../../../Engine/DerivedDataCache/Compressed.ddp.
[2016.08.05-14.53.39:826][  0]LogDerivedDataCache: Using Local data cache path C:/Users/Z600/AppData/Local/UnrealEngine/Common/DerivedDataCache: Writable
[2016.08.05-14.53.40:096][  0]LogInit: Selected Device Profile: [Windows]
[2016.08.05-14.53.40:097][  0]LogContentStreaming: Texture pool size is 0.00 MB
[2016.08.05-14.53.40:347][  0]LogMeshUtilities: No automatic mesh reduction module available
[2016.08.05-14.53.40:347][  0]LogMeshUtilities: No automatic mesh merging module available
[2016.08.05-14.53.40:347][  0]LogMeshUtilities: No distributed automatic mesh merging module available
[2016.08.05-14.53.40:684][  0]LogAssetRegistry: FAssetRegistry took 0.0197 seconds to start up
[2016.08.05-14.53.40:702][  0]LogPackageLocalizationCache: Processed 3 localized package path(s) for 2 prioritized culture(s) in 0.014744 seconds
[2016.08.05-14.53.40:708][  0]LogUObjectArray: 28739 objects as part of root set at end of initial load.
[2016.08.05-14.53.40:708][  0]LogUObjectAllocator: 5855632 out of 0 bytes used by permanent object pool.
[2016.08.05-14.53.40:708][  0]LogUObjectArray: CloseDisregardForGC: 0/0 objects in disregard for GC pool
[2016.08.05-14.53.40:719][  0]LogInit: WinSock: version 1.1 (2.2), MaxSocks=32767, MaxUdp=65467
[2016.08.05-14.53.40:975][  0]LogSlate: SlateFontCache - WITH_FREETYPE: 1, WITH_HARFBUZZ: 1
[2016.08.05-14.53.40:975][  0]LogSlate: SlateFontCache - WITH_FREETYPE: 1, WITH_HARFBUZZ: 1
[2016.08.05-14.53.41:901][  0]LogUdpMessaging: Initializing bridge on interface 0.0.0.0:0 to multicast group 230.0.0.1:6666.
[2016.08.05-14.53.42:175][  0]SourceControl: Info Source control is disabled
[2016.08.05-14.53.42:176][  0]SourceControl: Info Source control is disabled
[2016.08.05-14.53.42:186][  0]SourceControl: Info Source control is disabled
[2016.08.05-14.53.42:194][  0]SourceControl: Info Source control is disabled
[2016.08.05-14.53.42:492][  0]LogEngine: Initializing Engine...
[2016.08.05-14.53.42:495][  0]LogHMD: SteamVR failed to initialize.  Err: 110
[2016.08.05-14.53.42:497][  0]LogHMD: SteamVR failed to initialize.  Err: 110
[2016.08.05-14.53.42:703][  0]LogAIModule: Creating AISystem for world NewWorld
[2016.08.05-14.53.42:712][  0]LogInit: XAudio2 using 'Speakers (Realtek High Definition Audio)' : 2 channels at 48 kHz using 32 bits per sample (channel mask 0x3)
[2016.08.05-14.53.42:725][  0]LogInit: FAudioDevice initialized.
[2016.08.05-14.53.42:757][  0]LogDerivedDataCache: Saved boot cache 0.03s 48MB C:/Users/Z600/AppData/Local/UnrealEngine/4.12/DerivedDataCache/Boot.ddc.
[2016.08.05-14.53.42:766][  0]LogInit: Texture streaming: Enabled
[2016.08.05-14.53.42:835][  0]LogInit: Transaction tracking system initialized
[2016.08.05-14.53.42:885][  0]BlueprintLog: New page: Editor Load
[2016.08.05-14.53.43:018][  0]LocalizationService: Info Localization service is disabled
[2016.08.05-14.53.43:114][  0]LogConsoleResponse:Display: 
[2016.08.05-14.53.43:445][  0]LogCook:Display: Max memory allowance for cook 8192mb
[2016.08.05-14.53.43:445][  0]LogCook:Display: Mobile HDR setting 1
[2016.08.05-14.53.43:586][  0]LogFileCache: Scanning file cache for directory 'D:/Unreal/OneEyedTank/Content/' took 0.02s
[2016.08.05-14.53.43:587][  0]SourceControl: Info Source control is disabled
[2016.08.05-14.53.43:587][  0]Cmd: MAP LOAD FILE="D:/Unreal/OneEyedTank/Content/ThirdPersonBP/Maps/ThirdPersonExampleMap.umap" TEMPLATE=0 SHOWPROGRESS=1 FEATURELEVEL=3
[2016.08.05-14.53.43:587][  0]LightingResults: New page: Lighting Build
[2016.08.05-14.53.43:590][  0]MapCheck: New page: Map Check
[2016.08.05-14.53.43:590][  0]LightingResults: New page: Lighting Build
[2016.08.05-14.53.45:308][  0]LogAIModule: Creating AISystem for world ThirdPersonExampleMap
[2016.08.05-14.53.45:329][  0]LogEditorServer: Finished looking for orphan Actors (0.000 secs)
[2016.08.05-14.53.45:375][  0]Cmd: MAP CHECKDEP NOCLEARLOG
[2016.08.05-14.53.45:432][  0]MapCheck: Info Map check complete: 0 Error(s), 0 Warning(s), took 57.435ms to complete.
[2016.08.05-14.53.45:433][  0]LogFileHelpers: Loading map 'ThirdPersonExampleMap' took 1.846
[2016.08.05-14.53.45:847][  0]LogCollectionManager: Loaded 0 collections in 0.002214 seconds
[2016.08.05-14.53.45:927][  0]LogFileCache: Scanning file cache for directory 'D:/Unreal/OneEyedTank/Saved/Collections/' took 0.01s
[2016.08.05-14.53.45:927][  0]LogFileCache: Scanning file cache for directory 'D:/Unreal/OneEyedTank/Content/Developers/Z600/Collections/' took 0.01s
[2016.08.05-14.53.45:927][  0]LogFileCache: Scanning file cache for directory 'D:/Unreal/OneEyedTank/Content/Collections/' took 0.01s
[2016.08.05-14.53.45:927][  0]LogCollectionManager: Rebuilt the GUID cache for 0 collections in 0.000004 seconds
[2016.08.05-14.53.45:947][  0]LogContentBrowser: Native class hierarchy populated in 0.0157 seconds. Added 2047 classes and 369 folders.
[2016.08.05-14.53.46:015][  0]LogStats: UGameplayTagsManager::ConstructGameplayTagTree: Construct from data asset -  0.011 s
[2016.08.05-14.53.46:032][  0]LogStats: UGameplayTagsManager::ConstructGameplayTagTree: GameplayTagTreeChangedEvent.Broadcast -  0.017 s
[2016.08.05-14.53.46:043][  0]LogContentBrowser: Native class hierarchy updated for 'GameplayTags' in 0.0007 seconds. Added 12 classes and 0 folders.
[2016.08.05-14.53.46:050][  0]LogContentBrowser: Native class hierarchy updated for 'WidgetCarousel' in 0.0004 seconds. Added 0 classes and 0 folders.
[2016.08.05-14.53.47:002][  0]LogContentBrowser: Native class hierarchy updated for 'AddContentDialog' in 0.0008 seconds. Added 0 classes and 0 folders.
[2016.08.05-14.53.47:032][  0]LogContentBrowser: Native class hierarchy updated for 'SceneOutliner' in 0.0005 seconds. Added 1 classes and 2 folders.
[2016.08.05-14.53.47:340][  0]LogCrashTracker: Crashtracker disabled due to settings.
[2016.08.05-14.53.47:465][  0]LogUObjectGlobals:Warning: Failed to find object 'Class None.'
[2016.08.05-14.53.47:524][  0]LogContentBrowser: Native class hierarchy updated for 'HierarchicalLODOutliner' in 0.0006 seconds. Added 1 classes and 2 folders.
[2016.08.05-14.53.47:524][  0]LogLoad: Full Startup: 11.25 seconds (BP compile: 0.13 seconds)
[2016.08.05-14.53.47:524][  0]LogExternalProfiler: No external profilers were discovered.  External profiling features will not be available.
[2016.08.05-14.53.47:534][  0]LogOcInput: OculusInput pre-init called
[2016.08.05-14.53.47:666][  0]LogContentStreaming: Texture pool size now 1000 MB
[2016.08.05-14.53.47:981][  0]LogRenderer: Reallocating scene render targets to support 1248x652 (Frame:2).
[2016.08.05-14.53.48:246][  2]LogAssetRegistry: Asset discovery search completed in 7.5821 seconds
[2016.08.05-14.53.48:246][  2]LogCollectionManager: Rebuilt the object cache for 0 collections in 0.000001 seconds (found 0 objects)
[2016.08.05-14.53.48:246][  2]LogCollectionManager: Fixed up redirectors for 0 collections in 0.000042 seconds (updated 0 objects)
[2016.08.05-14.53.52:496][374]LogEditorViewport: Clicking on Actor (LMB): OneEyedPeteChara_C (OneEyedPeteChara)
[2016.08.05-14.54.12:784][926]LogSkeletalMesh: InitArticulated: Bodies already created (/Engine/Transient.DebugSkelMeshComponent_0) - call TermArticulated first.
[2016.08.05-14.54.14:900][ 21]LogRenderer: Reallocating scene render targets to support 1248x880 (Frame:4637).
[2016.08.05-14.55.11:274][380]LogEditorFactories: Performing atomic reimport of [C:/Users/Z600/Downloads/OEP_12.FBX]
[2016.08.05-14.55.11:341][380]LogFbx: Loading FBX Scene from C:/Users/Z600/Downloads/OEP_12.FBX
[2016.08.05-14.55.11:394][380]LogFbx: FBX Scene Loaded Succesfully
[2016.08.05-14.55.11:406][380]LogFbx: =================================================
[2016.08.05-14.55.11:406][380]LogFbx: Dumping Node START [C_Main_Chassis] 
[2016.08.05-14.55.11:406][380]LogFbx: 	Total Deformer Count 1074788080.
[2016.08.05-14.55.11:406][380]LogFbx: 		[Node 1]  (Type Skin).
[2016.08.05-14.55.11:406][380]LogFbx: =================================================
[2016.08.05-14.55.11:406][380]LogFbx: 	Attribute () Type (4).
[2016.08.05-14.55.11:406][380]LogFbx: 		[Node Attribute Child 1] C_Main_Chassis (Type Mesh).
[2016.08.05-14.55.11:406][380]LogFbx: Dumping Node END [C_Main_Chassis]
[2016.08.05-14.55.11:406][380]LogFbx: =================================================
[2016.08.05-14.55.11:406][380]LogFbx: Dumping Node START [LeftSponsonBallGun001] 
[2016.08.05-14.55.11:406][380]LogFbx: 	Total Deformer Count 1074822016.
[2016.08.05-14.55.11:406][380]LogFbx: 		[Node 1]  (Type Skin).
[2016.08.05-14.55.11:406][380]LogFbx: =================================================
[2016.08.05-14.55.11:406][380]LogFbx: 	Attribute () Type (4).
[2016.08.05-14.55.11:406][380]LogFbx: 		[Node Attribute Child 1] LeftSponsonBallGun001 (Type Mesh).
[2016.08.05-14.55.11:406][380]LogFbx: Dumping Node END [LeftSponsonBallGun001]
[2016.08.05-14.55.11:406][380]LogFbx: =================================================
[2016.08.05-14.55.11:406][380]LogFbx: Dumping Node START [C_Rear_Panel] 
[2016.08.05-14.55.11:406][380]LogFbx: 	Total Deformer Count 1074787760.
[2016.08.05-14.55.11:406][380]LogFbx: 		[Node 1]  (Type Skin).
[2016.08.05-14.55.11:406][380]LogFbx: =================================================
[2016.08.05-14.55.11:406][380]LogFbx: 	Attribute () Type (4).
[2016.08.05-14.55.11:407][380]LogFbx: 		[Node Attribute Child 1] C_Rear_Panel (Type Mesh).
[2016.08.05-14.55.11:407][380]LogFbx: Dumping Node END [C_Rear_Panel]
[2016.08.05-14.55.11:407][380]LogFbx: =================================================
[2016.08.05-14.55.11:407][380]LogFbx: Dumping Node START [L_MidChassis] 
[2016.08.05-14.55.11:407][380]LogFbx: 	Total Deformer Count 1074787760.
[2016.08.05-14.55.11:407][380]LogFbx: 		[Node 1]  (Type Skin).
[2016.08.05-14.55.11:407][380]LogFbx: =================================================
[2016.08.05-14.55.11:407][380]LogFbx: 	Attribute () Type (4).
[2016.08.05-14.55.11:407][380]LogFbx: 		[Node Attribute Child 1] L_MidChassis (Type Mesh).
[2016.08.05-14.55.11:407][380]LogFbx: Dumping Node END [L_MidChassis]
[2016.08.05-14.55.11:407][380]LogFbx: =================================================
[2016.08.05-14.55.11:407][380]LogFbx: Dumping Node START [BaseAdapterOEP] 
[2016.08.05-14.55.11:407][380]LogFbx: 	Total Deformer Count 1074787760.
[2016.08.05-14.55.11:407][380]LogFbx: 		[Node 1]  (Type Skin).
[2016.08.05-14.55.11:407][380]LogFbx: =================================================
[2016.08.05-14.55.11:407][380]LogFbx: 	Attribute () Type (4).
[2016.08.05-14.55.11:407][380]LogFbx: 		[Node Attribute Child 1] BaseAdapterOEP (Type Mesh).
[2016.08.05-14.55.11:407][380]LogFbx: Dumping Node END [BaseAdapterOEP]
[2016.08.05-14.55.11:407][380]LogFbx: =================================================
[2016.08.05-14.55.11:407][380]LogFbx: Dumping Node START [C_Front_Panel] 
[2016.08.05-14.55.11:407][380]LogFbx: 	Total Deformer Count 1074787760.
[2016.08.05-14.55.11:407][380]LogFbx: 		[Node 1]  (Type Skin).
[2016.08.05-14.55.11:407][380]LogFbx: =================================================
[2016.08.05-14.55.11:407][380]LogFbx: 	Attribute () Type (4).
[2016.08.05-14.55.11:407][380]LogFbx: 		[Node Attribute Child 1] C_Front_Panel (Type Mesh).
[2016.08.05-14.55.11:407][380]LogFbx: Dumping Node END [C_Front_Panel]
[2016.08.05-14.55.11:407][380]LogFbx: =================================================
[2016.08.05-14.55.11:407][380]LogFbx: Dumping Node START [R_MidChassis] 
[2016.08.05-14.55.11:407][380]LogFbx: 	Total Deformer Count 1074787760.
[2016.08.05-14.55.11:407][380]LogFbx: 		[Node 1]  (Type Skin).
[2016.08.05-14.55.11:407][380]LogFbx: =================================================
[2016.08.05-14.55.11:407][380]LogFbx: 	Attribute () Type (4).
[2016.08.05-14.55.11:407][380]LogFbx: 		[Node Attribute Child 1] R_MidChassis (Type Mesh).
[2016.08.05-14.55.11:407][380]LogFbx: Dumping Node END [R_MidChassis]
[2016.08.05-14.55.11:407][380]LogFbx: =================================================
[2016.08.05-14.55.11:407][380]LogFbx: Dumping Node START [TurretBaseOEP] 
[2016.08.05-14.55.11:407][380]LogFbx: 	Total Deformer Count 1074787760.
[2016.08.05-14.55.11:407][380]LogFbx: 		[Node 1]  (Type Skin).
[2016.08.05-14.55.11:407][380]LogFbx: =================================================
[2016.08.05-14.55.11:407][380]LogFbx: 	Attribute () Type (4).
[2016.08.05-14.55.11:407][380]LogFbx: 		[Node Attribute Child 1] TurretBaseOEP (Type Mesh).
[2016.08.05-14.55.11:407][380]LogFbx: Dumping Node END [TurretBaseOEP]
[2016.08.05-14.55.11:407][380]LogFbx: =================================================
[2016.08.05-14.55.11:407][380]LogFbx: Dumping Node START [R_FrontChassis] 
[2016.08.05-14.55.11:407][380]LogFbx: 	Total Deformer Count 1074787760.
[2016.08.05-14.55.11:407][380]LogFbx: 		[Node 1]  (Type Skin).
[2016.08.05-14.55.11:407][380]LogFbx: =================================================
[2016.08.05-14.55.11:407][380]LogFbx: 	Attribute () Type (4).
[2016.08.05-14.55.11:407][380]LogFbx: 		[Node Attribute Child 1] R_FrontChassis (Type Mesh).
[2016.08.05-14.55.11:407][380]LogFbx: Dumping Node END [R_FrontChassis]
[2016.08.05-14.55.11:407][380]LogFbx: =================================================
[2016.08.05-14.55.11:407][380]LogFbx: Dumping Node START [R_Sponson] 
[2016.08.05-14.55.11:407][380]LogFbx: 	Total Deformer Count 1074225344.
[2016.08.05-14.55.11:407][380]LogFbx: 		[Node 1]  (Type Skin).
[2016.08.05-14.55.11:407][380]LogFbx: =================================================
[2016.08.05-14.55.11:407][380]LogFbx: 	Attribute () Type (4).
[2016.08.05-14.55.11:407][380]LogFbx: 		[Node Attribute Child 1] R_Sponson (Type Mesh).
[2016.08.05-14.55.11:407][380]LogFbx: Dumping Node END [R_Sponson]
[2016.08.05-14.55.11:407][380]LogFbx: =================================================
[2016.08.05-14.55.11:407][380]LogFbx: Dumping Node START [L_Sponson] 
[2016.08.05-14.55.11:407][380]LogFbx: 	Total Deformer Count 1074225344.
[2016.08.05-14.55.11:407][380]LogFbx: 		[Node 1]  (Type Skin).
[2016.08.05-14.55.11:407][380]LogFbx: =================================================
[2016.08.05-14.55.11:407][380]LogFbx: 	Attribute () Type (4).
[2016.08.05-14.55.11:408][380]LogFbx: 		[Node Attribute Child 1] L_Sponson (Type Mesh).
[2016.08.05-14.55.11:408][380]LogFbx: Dumping Node END [L_Sponson]
[2016.08.05-14.55.11:408][380]LogFbx: =================================================
[2016.08.05-14.55.11:408][380]LogFbx: Dumping Node START [R_RearChassis] 
[2016.08.05-14.55.11:408][380]LogFbx: 	Total Deformer Count 1074785760.
[2016.08.05-14.55.11:408][380]LogFbx: 		[Node 1]  (Type Skin).
[2016.08.05-14.55.11:408][380]LogFbx: =================================================
[2016.08.05-14.55.11:408][380]LogFbx: 	Attribute () Type (4).
[2016.08.05-14.55.11:408][380]LogFbx: 		[Node Attribute Child 1] R_RearChassis (Type Mesh).
[2016.08.05-14.55.11:408][380]LogFbx: Dumping Node END [R_RearChassis]
[2016.08.05-14.55.11:408][380]LogFbx: =================================================
[2016.08.05-14.55.11:408][380]LogFbx: Dumping Node START [Head_OEP] 
[2016.08.05-14.55.11:408][380]LogFbx: 	Total Deformer Count 1569955856.
[2016.08.05-14.55.11:408][380]LogFbx: 		[Node 1]  (Type Skin).
[2016.08.05-14.55.11:408][380]LogFbx: =================================================
[2016.08.05-14.55.11:408][380]LogFbx: 	Attribute () Type (4).
[2016.08.05-14.55.11:408][380]LogFbx: 		[Node Attribute Child 1] Head_OEP (Type Mesh).
[2016.08.05-14.55.11:408][380]LogFbx: Dumping Node END [Head_OEP]
[2016.08.05-14.55.11:408][380]LogFbx: =================================================
[2016.08.05-14.55.11:408][380]LogFbx: Dumping Node START [L_FrontChassis] 
[2016.08.05-14.55.11:408][380]LogFbx: 	Total Deformer Count 1074785280.
[2016.08.05-14.55.11:408][380]LogFbx: 		[Node 1]  (Type Skin).
[2016.08.05-14.55.11:408][380]LogFbx: =================================================
[2016.08.05-14.55.11:408][380]LogFbx: 	Attribute () Type (4).
[2016.08.05-14.55.11:408][380]LogFbx: 		[Node Attribute Child 1] L_FrontChassis (Type Mesh).
[2016.08.05-14.55.11:408][380]LogFbx: Dumping Node END [L_FrontChassis]
[2016.08.05-14.55.11:408][380]LogFbx: =================================================
[2016.08.05-14.55.11:408][380]LogFbx: Dumping Node START [R_RearChassis] 
[2016.08.05-14.55.11:408][380]LogFbx: 	Total Deformer Count 1074785280.
[2016.08.05-14.55.11:408][380]LogFbx: 		[Node 1]  (Type Skin).
[2016.08.05-14.55.11:408][380]LogFbx: =================================================
[2016.08.05-14.55.11:408][380]LogFbx: 	Attribute () Type (4).
[2016.08.05-14.55.11:408][380]LogFbx: 		[Node Attribute Child 1] R_RearChassis (Type Mesh).
[2016.08.05-14.55.11:408][380]LogFbx: Dumping Node END [R_RearChassis]
[2016.08.05-14.55.11:408][380]LogFbx: =================================================
[2016.08.05-14.55.11:408][380]LogFbx: Dumping Node START [EyeBallOEP] 
[2016.08.05-14.55.11:408][380]LogFbx: 	Total Deformer Count 1074225344.
[2016.08.05-14.55.11:408][380]LogFbx: 		[Node 1]  (Type Skin).
[2016.08.05-14.55.11:408][380]LogFbx: =================================================
[2016.08.05-14.55.11:408][380]LogFbx: 	Attribute () Type (4).
[2016.08.05-14.55.11:408][380]LogFbx: 		[Node Attribute Child 1] EyeBallOEP (Type Mesh).
[2016.08.05-14.55.11:408][380]LogFbx: Dumping Node END [EyeBallOEP]
[2016.08.05-14.55.11:408][380]LogFbx: =================================================
[2016.08.05-14.55.11:408][380]LogFbx: Dumping Node START [RightPivotTurret] 
[2016.08.05-14.55.11:408][380]LogFbx: 	Total Deformer Count 1074784720.
[2016.08.05-14.55.11:408][380]LogFbx: 		[Node 1]  (Type Skin).
[2016.08.05-14.55.11:408][380]LogFbx: =================================================
[2016.08.05-14.55.11:408][380]LogFbx: 	Attribute () Type (4).
[2016.08.05-14.55.11:408][380]LogFbx: 		[Node Attribute Child 1] RightPivotTurret (Type Mesh).
[2016.08.05-14.55.11:408][380]LogFbx: Dumping Node END [RightPivotTurret]
[2016.08.05-14.55.11:408][380]LogFbx: =================================================
[2016.08.05-14.55.11:408][380]LogFbx: Dumping Node START [LefttPivotTurret] 
[2016.08.05-14.55.11:408][380]LogFbx: 	Total Deformer Count 1074784720.
[2016.08.05-14.55.11:408][380]LogFbx: 		[Node 1]  (Type Skin).
[2016.08.05-14.55.11:408][380]LogFbx: =================================================
[2016.08.05-14.55.11:408][380]LogFbx: 	Attribute () Type (4).
[2016.08.05-14.55.11:408][380]LogFbx: 		[Node Attribute Child 1] LefttPivotTurret (Type Mesh).
[2016.08.05-14.55.11:408][380]LogFbx: Dumping Node END [LefttPivotTurret]
[2016.08.05-14.55.11:408][380]LogFbx: =================================================
[2016.08.05-14.55.11:408][380]LogFbx: Dumping Node START [RightSponsonBallGun] 
[2016.08.05-14.55.11:408][380]LogFbx: 	Total Deformer Count 1074818272.
[2016.08.05-14.55.11:408][380]LogFbx: 		[Node 1]  (Type Skin).
[2016.08.05-14.55.11:408][380]LogFbx: =================================================
[2016.08.05-14.55.11:408][380]LogFbx: 	Attribute () Type (4).
[2016.08.05-14.55.11:408][380]LogFbx: 		[Node Attribute Child 1] RightSponsonBallGun (Type Mesh).
[2016.08.05-14.55.11:408][380]LogFbx: Dumping Node END [RightSponsonBallGun]
[2016.08.05-14.55.11:408][380]LogFbx: =================================================
[2016.08.05-14.55.11:408][380]LogFbx: Dumping Node START [RightPivotGun] 
[2016.08.05-14.55.11:408][380]LogFbx: 	Total Deformer Count 1074784240.
[2016.08.05-14.55.11:409][380]LogFbx: 		[Node 1]  (Type Skin).
[2016.08.05-14.55.11:409][380]LogFbx: =================================================
[2016.08.05-14.55.11:409][380]LogFbx: 	Attribute () Type (4).
[2016.08.05-14.55.11:409][380]LogFbx: 		[Node Attribute Child 1] RightPivotGun (Type Mesh).
[2016.08.05-14.55.11:409][380]LogFbx: Dumping Node END [RightPivotGun]
[2016.08.05-14.55.11:409][380]LogFbx: =================================================
[2016.08.05-14.55.11:409][380]LogFbx: Dumping Node START [LeftPivotGun] 
[2016.08.05-14.55.11:409][380]LogFbx: 	Total Deformer Count 1074784240.
[2016.08.05-14.55.11:409][380]LogFbx: 		[Node 1]  (Type Skin).
[2016.08.05-14.55.11:409][380]LogFbx: =================================================
[2016.08.05-14.55.11:409][380]LogFbx: 	Attribute () Type (4).
[2016.08.05-14.55.11:409][380]LogFbx: 		[Node Attribute Child 1] LeftPivotGun (Type Mesh).
[2016.08.05-14.55.11:409][380]LogFbx: Dumping Node END [LeftPivotGun]
[2016.08.05-14.55.11:409][380]LogFbx: =================================================
[2016.08.05-14.55.11:409][380]LogFbx: Dumping Node START [C_Main_Chassis] 
[2016.08.05-14.55.11:409][380]LogFbx: 	Total Deformer Count 1074784240.
[2016.08.05-14.55.11:409][380]LogFbx: 		[Node 1]  (Type Skin).
[2016.08.05-14.55.11:409][380]LogFbx: =================================================
[2016.08.05-14.55.11:409][380]LogFbx: 	Attribute () Type (4).
[2016.08.05-14.55.11:409][380]LogFbx: 		[Node Attribute Child 1] C_Main_Chassis (Type Mesh).
[2016.08.05-14.55.11:409][380]LogFbx: Dumping Node END [C_Main_Chassis]
[2016.08.05-14.55.11:410][380]LogFbx: =================================================
[2016.08.05-14.55.11:410][380]LogFbx: Dumping Node START [C_Rear_Panel] 
[2016.08.05-14.55.11:410][380]LogFbx: 	Total Deformer Count 1074784240.
[2016.08.05-14.55.11:410][380]LogFbx: 		[Node 1]  (Type Skin).
[2016.08.05-14.55.11:410][380]LogFbx: =================================================
[2016.08.05-14.55.11:410][380]LogFbx: 	Attribute () Type (4).
[2016.08.05-14.55.11:410][380]LogFbx: 		[Node Attribute Child 1] C_Rear_Panel (Type Mesh).
[2016.08.05-14.55.11:410][380]LogFbx: Dumping Node END [C_Rear_Panel]
[2016.08.05-14.55.11:410][380]LogFbx: =================================================
[2016.08.05-14.55.11:410][380]LogFbx: Dumping Node START [L_MidChassis] 
[2016.08.05-14.55.11:410][380]LogFbx: 	Total Deformer Count 1074784240.
[2016.08.05-14.55.11:410][380]LogFbx: 		[Node 1]  (Type Skin).
[2016.08.05-14.55.11:410][380]LogFbx: =================================================
[2016.08.05-14.55.11:410][380]LogFbx: 	Attribute () Type (4).
[2016.08.05-14.55.11:410][380]LogFbx: 		[Node Attribute Child 1] L_MidChassis (Type Mesh).
[2016.08.05-14.55.11:410][380]LogFbx: Dumping Node END [L_MidChassis]
[2016.08.05-14.55.11:410][380]LogFbx: =================================================
[2016.08.05-14.55.11:410][380]LogFbx: Dumping Node START [C_Front_Panel] 
[2016.08.05-14.55.11:410][380]LogFbx: 	Total Deformer Count 1074784240.
[2016.08.05-14.55.11:410][380]LogFbx: 		[Node 1]  (Type Skin).
[2016.08.05-14.55.11:410][380]LogFbx: =================================================
[2016.08.05-14.55.11:410][380]LogFbx: 	Attribute () Type (4).
[2016.08.05-14.55.11:410][380]LogFbx: 		[Node Attribute Child 1] C_Front_Panel (Type Mesh).
[2016.08.05-14.55.11:410][380]LogFbx: Dumping Node END [C_Front_Panel]
[2016.08.05-14.55.11:410][380]LogFbx: =================================================
[2016.08.05-14.55.11:410][380]LogFbx: Dumping Node START [TurretBaseOEP] 
[2016.08.05-14.55.11:410][380]LogFbx: 	Total Deformer Count 1074784240.
[2016.08.05-14.55.11:410][380]LogFbx: 		[Node 1]  (Type Skin).
[2016.08.05-14.55.11:410][380]LogFbx: =================================================
[2016.08.05-14.55.11:410][380]LogFbx: 	Attribute () Type (4).
[2016.08.05-14.55.11:410][380]LogFbx: 		[Node Attribute Child 1] TurretBaseOEP (Type Mesh).
[2016.08.05-14.55.11:410][380]LogFbx: Dumping Node END [TurretBaseOEP]
[2016.08.05-14.55.11:410][380]LogFbx: =================================================
[2016.08.05-14.55.11:410][380]LogFbx: Dumping Node START [L_Sponson] 
[2016.08.05-14.55.11:410][380]LogFbx: 	Total Deformer Count 1074225344.
[2016.08.05-14.55.11:410][380]LogFbx: 		[Node 1]  (Type Skin).
[2016.08.05-14.55.11:410][380]LogFbx: =================================================
[2016.08.05-14.55.11:410][380]LogFbx: 	Attribute () Type (4).
[2016.08.05-14.55.11:410][380]LogFbx: 		[Node Attribute Child 1] L_Sponson (Type Mesh).
[2016.08.05-14.55.11:410][380]LogFbx: Dumping Node END [L_Sponson]
[2016.08.05-14.55.11:410][380]LogFbx: =================================================
[2016.08.05-14.55.11:410][380]LogFbx: Dumping Node START [Head_OEP] 
[2016.08.05-14.55.11:410][380]LogFbx: 	Total Deformer Count 1569957536.
[2016.08.05-14.55.11:410][380]LogFbx: 		[Node 1]  (Type Skin).
[2016.08.05-14.55.11:410][380]LogFbx: =================================================
[2016.08.05-14.55.11:410][380]LogFbx: 	Attribute () Type (4).
[2016.08.05-14.55.11:410][380]LogFbx: 		[Node Attribute Child 1] Head_OEP (Type Mesh).
[2016.08.05-14.55.11:410][380]LogFbx: Dumping Node END [Head_OEP]
[2016.08.05-14.55.11:410][380]LogFbx: =================================================
[2016.08.05-14.55.11:410][380]LogFbx: Dumping Node START [L_FrontChassis] 
[2016.08.05-14.55.11:410][380]LogFbx: 	Total Deformer Count 1074782240.
[2016.08.05-14.55.11:410][380]LogFbx: 		[Node 1]  (Type Skin).
[2016.08.05-14.55.11:410][380]LogFbx: =================================================
[2016.08.05-14.55.11:410][380]LogFbx: 	Attribute () Type (4).
[2016.08.05-14.55.11:410][380]LogFbx: 		[Node Attribute Child 1] L_FrontChassis (Type Mesh).
[2016.08.05-14.55.11:410][380]LogFbx: Dumping Node END [L_FrontChassis]
[2016.08.05-14.55.11:410][380]LogFbx: =================================================
[2016.08.05-14.55.11:410][380]LogFbx: Dumping Node START [R_RearChassis] 
[2016.08.05-14.55.11:410][380]LogFbx: 	Total Deformer Count 1074782240.
[2016.08.05-14.55.11:411][380]LogFbx: 		[Node 1]  (Type Skin).
[2016.08.05-14.55.11:411][380]LogFbx: =================================================
[2016.08.05-14.55.11:411][380]LogFbx: 	Attribute () Type (4).
[2016.08.05-14.55.11:411][380]LogFbx: 		[Node Attribute Child 1] R_RearChassis (Type Mesh).
[2016.08.05-14.55.11:411][380]LogFbx: Dumping Node END [R_RearChassis]
[2016.08.05-14.55.11:411][380]LogFbx: =================================================
[2016.08.05-14.55.11:411][380]LogFbx: Dumping Node START [EyeBallOEP] 
[2016.08.05-14.55.11:411][380]LogFbx: 	Total Deformer Count 1074225344.
[2016.08.05-14.55.11:411][380]LogFbx: 		[Node 1]  (Type Skin).
[2016.08.05-14.55.11:411][380]LogFbx: =================================================
[2016.08.05-14.55.11:411][380]LogFbx: 	Attribute () Type (4).
[2016.08.05-14.55.11:411][380]LogFbx: 		[Node Attribute Child 1] EyeBallOEP (Type Mesh).
[2016.08.05-14.55.11:411][380]LogFbx: Dumping Node END [EyeBallOEP]
[2016.08.05-14.55.11:411][380]LogFbx: =================================================
[2016.08.05-14.55.11:411][380]LogFbx: Dumping Node START [LefttPivotTurret] 
[2016.08.05-14.55.11:411][380]LogFbx: 	Total Deformer Count 1074781680.
[2016.08.05-14.55.11:411][380]LogFbx: 		[Node 1]  (Type Skin).
[2016.08.05-14.55.11:411][380]LogFbx: =================================================
[2016.08.05-14.55.11:411][380]LogFbx: 	Attribute () Type (4).
[2016.08.05-14.55.11:411][380]LogFbx: 		[Node Attribute Child 1] LefttPivotTurret (Type Mesh).
[2016.08.05-14.55.11:411][380]LogFbx: Dumping Node END [LefttPivotTurret]
[2016.08.05-14.55.11:411][380]LogFbx: =================================================
[2016.08.05-14.55.11:411][380]LogFbx: Dumping Node START [LeftSponsonBallGun001] 
[2016.08.05-14.55.11:411][380]LogFbx: 	Total Deformer Count 1074815104.
[2016.08.05-14.55.11:411][380]LogFbx: 		[Node 1]  (Type Skin).
[2016.08.05-14.55.11:411][380]LogFbx: =================================================
[2016.08.05-14.55.11:411][380]LogFbx: 	Attribute () Type (4).
[2016.08.05-14.55.11:411][380]LogFbx: 		[Node Attribute Child 1] LeftSponsonBallGun001 (Type Mesh).
[2016.08.05-14.55.11:411][380]LogFbx: Dumping Node END [LeftSponsonBallGun001]
[2016.08.05-14.55.11:411][380]LogFbx: =================================================
[2016.08.05-14.55.11:411][380]LogFbx: Dumping Node START [BaseAdapterOEP] 
[2016.08.05-14.55.11:411][380]LogFbx: 	Total Deformer Count 1074781360.
[2016.08.05-14.55.11:411][380]LogFbx: 		[Node 1]  (Type Skin).
[2016.08.05-14.55.11:411][380]LogFbx: =================================================
[2016.08.05-14.55.11:411][380]LogFbx: 	Attribute () Type (4).
[2016.08.05-14.55.11:411][380]LogFbx: 		[Node Attribute Child 1] BaseAdapterOEP (Type Mesh).
[2016.08.05-14.55.11:411][380]LogFbx: Dumping Node END [BaseAdapterOEP]
[2016.08.05-14.55.11:411][380]LogFbx: =================================================
[2016.08.05-14.55.11:411][380]LogFbx: Dumping Node START [R_MidChassis] 
[2016.08.05-14.55.11:411][380]LogFbx: 	Total Deformer Count 1074781360.
[2016.08.05-14.55.11:411][380]LogFbx: 		[Node 1]  (Type Skin).
[2016.08.05-14.55.11:411][380]LogFbx: =================================================
[2016.08.05-14.55.11:411][380]LogFbx: 	Attribute () Type (4).
[2016.08.05-14.55.11:411][380]LogFbx: 		[Node Attribute Child 1] R_MidChassis (Type Mesh).
[2016.08.05-14.55.11:411][380]LogFbx: Dumping Node END [R_MidChassis]
[2016.08.05-14.55.11:411][380]LogFbx: =================================================
[2016.08.05-14.55.11:411][380]LogFbx: Dumping Node START [R_FrontChassis] 
[2016.08.05-14.55.11:411][380]LogFbx: 	Total Deformer Count 1074781360.
[2016.08.05-14.55.11:411][380]LogFbx: 		[Node 1]  (Type Skin).
[2016.08.05-14.55.11:411][380]LogFbx: =================================================
[2016.08.05-14.55.11:411][380]LogFbx: 	Attribute () Type (4).
[2016.08.05-14.55.11:411][380]LogFbx: 		[Node Attribute Child 1] R_FrontChassis (Type Mesh).
[2016.08.05-14.55.11:411][380]LogFbx: Dumping Node END [R_FrontChassis]
[2016.08.05-14.55.11:411][380]LogFbx: =================================================
[2016.08.05-14.55.11:411][380]LogFbx: Dumping Node START [R_Sponson] 
[2016.08.05-14.55.11:411][380]LogFbx: 	Total Deformer Count 1074225344.
[2016.08.05-14.55.11:411][380]LogFbx: 		[Node 1]  (Type Skin).
[2016.08.05-14.55.11:411][380]LogFbx: =================================================
[2016.08.05-14.55.11:411][380]LogFbx: 	Attribute () Type (4).
[2016.08.05-14.55.11:411][380]LogFbx: 		[Node Attribute Child 1] R_Sponson (Type Mesh).
[2016.08.05-14.55.11:411][380]LogFbx: Dumping Node END [R_Sponson]
[2016.08.05-14.55.11:412][380]LogFbx: =================================================
[2016.08.05-14.55.11:412][380]LogFbx: Dumping Node START [R_RearChassis] 
[2016.08.05-14.55.11:412][380]LogFbx: 	Total Deformer Count 1074780480.
[2016.08.05-14.55.11:412][380]LogFbx: 		[Node 1]  (Type Skin).
[2016.08.05-14.55.11:412][380]LogFbx: =================================================
[2016.08.05-14.55.11:412][380]LogFbx: 	Attribute () Type (4).
[2016.08.05-14.55.11:412][380]LogFbx: 		[Node Attribute Child 1] R_RearChassis (Type Mesh).
[2016.08.05-14.55.11:412][380]LogFbx: Dumping Node END [R_RearChassis]
[2016.08.05-14.55.11:412][380]LogFbx: =================================================
[2016.08.05-14.55.11:412][380]LogFbx: Dumping Node START [RightPivotTurret] 
[2016.08.05-14.55.11:412][380]LogFbx: 	Total Deformer Count 1074780480.
[2016.08.05-14.55.11:412][380]LogFbx: 		[Node 1]  (Type Skin).
[2016.08.05-14.55.11:412][380]LogFbx: =================================================
[2016.08.05-14.55.11:412][380]LogFbx: 	Attribute () Type (4).
[2016.08.05-14.55.11:412][380]LogFbx: 		[Node Attribute Child 1] RightPivotTurret (Type Mesh).
[2016.08.05-14.55.11:412][380]LogFbx: Dumping Node END [RightPivotTurret]
[2016.08.05-14.55.11:412][380]LogFbx: =================================================
[2016.08.05-14.55.11:412][380]LogFbx: Dumping Node START [RightSponsonBallGun] 
[2016.08.05-14.55.11:412][380]LogFbx: 	Total Deformer Count 1074813568.
[2016.08.05-14.55.11:412][380]LogFbx: 		[Node 1]  (Type Skin).
[2016.08.05-14.55.11:412][380]LogFbx: =================================================
[2016.08.05-14.55.11:412][380]LogFbx: 	Attribute () Type (4).
[2016.08.05-14.55.11:412][380]LogFbx: 		[Node Attribute Child 1] RightSponsonBallGun (Type Mesh).
[2016.08.05-14.55.11:412][380]LogFbx: Dumping Node END [RightSponsonBallGun]
[2016.08.05-14.55.11:412][380]LogFbx: =================================================
[2016.08.05-14.55.11:412][380]LogFbx: Dumping Node START [RightPivotGun] 
[2016.08.05-14.55.11:412][380]LogFbx: 	Total Deformer Count 1074780000.
[2016.08.05-14.55.11:412][380]LogFbx: 		[Node 1]  (Type Skin).
[2016.08.05-14.55.11:412][380]LogFbx: =================================================
[2016.08.05-14.55.11:412][380]LogFbx: 	Attribute () Type (4).
[2016.08.05-14.55.11:412][380]LogFbx: 		[Node Attribute Child 1] RightPivotGun (Type Mesh).
[2016.08.05-14.55.11:412][380]LogFbx: Dumping Node END [RightPivotGun]
[2016.08.05-14.55.11:412][380]LogFbx: =================================================
[2016.08.05-14.55.11:412][380]LogFbx: Dumping Node START [LeftPivotGun] 
[2016.08.05-14.55.11:412][380]LogFbx: 	Total Deformer Count 1074780000.
[2016.08.05-14.55.11:412][380]LogFbx: 		[Node 1]  (Type Skin).
[2016.08.05-14.55.11:412][380]LogFbx: =================================================
[2016.08.05-14.55.11:412][380]LogFbx: 	Attribute () Type (4).
[2016.08.05-14.55.11:412][380]LogFbx: 		[Node Attribute Child 1] LeftPivotGun (Type Mesh).
[2016.08.05-14.55.11:412][380]LogFbx: Dumping Node END [LeftPivotGun]
[2016.08.05-14.55.11:427][380]LogFbx: Valid bind pose for Pose (BIND_POSES) - C_Main_Chassis
[2016.08.05-14.55.11:462][380]LogFbx:Warning: Bones digested - 21  Depth of hierarchy - 5
[2016.08.05-14.55.11:795][380]LogSkeletalMesh: Chunk 0: 546 rigid vertices, 0 soft vertices, 13 active bones
[2016.08.05-14.55.11:795][380]LogSkeletalMesh: Chunk 1: 484 rigid vertices, 0 soft vertices, 2 active bones
[2016.08.05-14.55.11:795][380]LogSkeletalMesh: Chunk 2: 435 rigid vertices, 0 soft vertices, 1 active bones
[2016.08.05-14.55.11:795][380]LogSkeletalMesh: Chunk 3: 96 rigid vertices, 0 soft vertices, 2 active bones
[2016.08.05-14.55.11:796][380]LogSkeletalMesh: Chunk 4: 1304 rigid vertices, 0 soft vertices, 9 active bones
[2016.08.05-14.55.11:796][380]LogSkeletalMesh: Chunk 5: 1552 rigid vertices, 0 soft vertices, 2 active bones
[2016.08.05-14.55.11:796][380]LogSkeletalMesh: Chunk 6: 1755 rigid vertices, 0 soft vertices, 6 active bones
[2016.08.05-14.55.11:796][380]LogSkeletalMesh: Chunk 7: 154 rigid vertices, 0 soft vertices, 1 active bones
[2016.08.05-14.55.11:796][380]LogSkeletalMesh: Chunk 8: 103 rigid vertices, 0 soft vertices, 1 active bones
[2016.08.05-14.55.11:838][380]LogSkeletalMesh: Section 0: Material=0, Chunk=0, 348 triangles
[2016.08.05-14.55.11:838][380]LogSkeletalMesh: Section 1: Material=1, Chunk=1, 799 triangles
[2016.08.05-14.55.11:838][380]LogSkeletalMesh: Section 2: Material=2, Chunk=2, 492 triangles
[2016.08.05-14.55.11:838][380]LogSkeletalMesh: Section 3: Material=3, Chunk=3, 56 triangles
[2016.08.05-14.55.11:838][380]LogSkeletalMesh: Section 4: Material=4, Chunk=4, 1187 triangles
[2016.08.05-14.55.11:838][380]LogSkeletalMesh: Section 5: Material=5, Chunk=5, 2096 triangles
[2016.08.05-14.55.11:838][380]LogSkeletalMesh: Section 6: Material=6, Chunk=6, 1617 triangles
[2016.08.05-14.55.11:838][380]LogSkeletalMesh: Section 7: Material=7, Chunk=7, 120 triangles
[2016.08.05-14.55.11:838][380]LogSkeletalMesh: Section 8: Material=8, Chunk=8, 180 triangles
[2016.08.05-14.55.11:846][380]LogEditorFactories: -- imported successfully
[2016.08.05-14.55.16:180][736]LogEditorTransaction: Undo Rotate Bone
[2016.08.05-14.55.19:726][ 43]LogEditorTransaction: Undo Rotate Bone
[2016.08.05-14.55.30:519][125]LogEditorTransaction: Undo Rotate Bone
[2016.08.05-14.55.39:998][986]LogEditorTransaction: Undo Rotate Bone
[2016.08.05-14.55.44:779][428]LogEditorTransaction: Undo Rotate Bone
[2016.08.05-14.55.49:032][758]LogEditorTransaction: Undo Rotate Bone
[2016.08.05-14.55.52:607][ 45]LogEditorTransaction: Undo Rotate Bone
[2016.08.05-14.56.29:793][ 95]LogEditorTransaction: Undo Rotate Bone
[2016.08.05-14.56.32:925][395]LogEditorTransaction: Undo Rotate Bone
[2016.08.05-14.56.44:889][302]LogEditorTransaction: Undo Rotate Bone
[2016.08.05-14.56.53:420][232]LogEditorTransaction: Undo Rotate Bone
[2016.08.05-14.56.59:253][854]LogEditorTransaction: Undo Rotate Bone
[2016.08.05-14.57.22:585][325]LogEditorTransaction: Undo Rotate Bone
[2016.08.05-14.57.23:738][415]LogEditorTransaction: Undo Rotate Bone
[2016.08.05-14.58.10:996][362]LogEditorTransaction: Undo Rotate Bone
[2016.08.05-14.58.11:285][377]LogEditorTransaction: Undo Clicking on Actors
[2016.08.05-14.58.38:809][486]LogEditorTransaction: Undo Rotate Bone
[2016.08.05-14.58.41:968][775]LogEditorTransaction: Undo Rotate Bone
[2016.08.05-14.58.45:440][126]LogEditorTransaction: Undo Rotate Bone
[2016.08.05-14.58.48:504][395]LogEditorTransaction: Undo Rotate Bone
[2016.08.05-14.58.55:244][ 82]LogEditorTransaction: Undo Rotate Bone
[2016.08.05-14.59.01:513][658]LogEditorTransaction: Undo Rotate Bone
[2016.08.05-14.59.05:173][  8]LogEditorTransaction: Undo Rotate Bone
[2016.08.05-14.59.07:330][192]LogEditorTransaction: Undo Rotate Bone
[2016.08.05-14.59.18:819][126]Cmd: QUIT_EDITOR
[2016.08.05-14.59.18:899][126]LogExit: Preparing to exit.
[2016.08.05-14.59.20:092][126]LogExit: Editor shut down
[2016.08.05-14.59.20:093][126]LogExit: Transaction tracking system shut down
[2016.08.05-14.59.20:243][126]LogObj: Freed 0b from 0 cluster array pools.
[2016.08.05-14.59.20:243][126]LogExit: Object subsystem successfully closed.
[2016.08.05-14.59.20:269][126]LogD3D11RHI: Shutdown
[2016.08.05-14.59.20:269][126]LogD3D11RHI: CleanupD3DDevice
[2016.08.05-14.59.20:271][126]LogD3D11RHI: ~FD3D11DynamicRHI
[2016.08.05-14.59.20:350][126]LogModuleManager: Shutting down and abandoning module HierarchicalLODOutliner (214)
[2016.08.05-14.59.20:350][126]LogModuleManager: Shutting down and abandoning module ExternalImagePicker (213)
[2016.08.05-14.59.20:350][126]LogModuleManager: Shutting down and abandoning module CrashTracker (212)
[2016.08.05-14.59.20:350][126]LogModuleManager: Shutting down and abandoning module SceneOutliner (211)
[2016.08.05-14.59.20:350][126]LogModuleManager: Shutting down and abandoning module WidgetCarousel (210)
[2016.08.05-14.59.20:350][126]LogModuleManager: Shutting down and abandoning module AddContentDialog (209)
[2016.08.05-14.59.20:352][126]LogModuleManager: Shutting down and abandoning module GameplayTags (208)
[2016.08.05-14.59.20:352][126]LogModuleManager: Shutting down and abandoning module EditorWidgets (207)
[2016.08.05-14.59.20:352][126]LogModuleManager: Shutting down and abandoning module CollectionManager (206)
[2016.08.05-14.59.20:352][126]LogModuleManager: Shutting down and abandoning module StatsViewer (205)
[2016.08.05-14.59.20:352][126]LogModuleManager: Shutting down and abandoning module FoliageEdit (204)
[2016.08.05-14.59.20:352][126]LogModuleManager: Shutting down and abandoning module LandscapeEditor (203)
[2016.08.05-14.59.20:352][126]LogModuleManager: Shutting down and abandoning module SceneDepthPickerMode (202)
[2016.08.05-14.59.20:352][126]LogModuleManager: Shutting down and abandoning module ActorPickerMode (201)
[2016.08.05-14.59.20:352][126]LogModuleManager: Shutting down and abandoning module GeometryMode (200)
[2016.08.05-14.59.20:352][126]LogModuleManager: Shutting down and abandoning module TextureAlignMode (199)
[2016.08.05-14.59.20:352][126]LogModuleManager: Shutting down and abandoning module BspMode (198)
[2016.08.05-14.59.20:353][126]LogModuleManager: Shutting down and abandoning module HardwareSurvey (197)
[2016.08.05-14.59.20:353][126]LogModuleManager: Shutting down and abandoning module SequenceRecorderSections (196)
[2016.08.05-14.59.20:353][126]LogModuleManager: Shutting down and abandoning module SequenceRecorder (195)
[2016.08.05-14.59.20:353][126]LogModuleManager: Shutting down and abandoning module AutomationWorker (194)
[2016.08.05-14.59.20:353][126]LogModuleManager: Shutting down and abandoning module MatineeToLevelSequence (193)
[2016.08.05-14.59.20:353][126]LogModuleManager: Shutting down and abandoning module PlacementMode (192)
[2016.08.05-14.59.20:353][126]LogModuleManager: Shutting down and abandoning module LevelSequenceEditor (191)
[2016.08.05-14.59.20:353][126]LogModuleManager: Shutting down and abandoning module CharacterAI (190)
[2016.08.05-14.59.20:353][126]LogModuleManager: Shutting down and abandoning module SmartSnapping (189)
[2016.08.05-14.59.20:353][126]LogModuleManager: Shutting down and abandoning module SessionServices (188)
[2016.08.05-14.59.20:353][126]LogModuleManager: Shutting down and abandoning module ViewportSnapping (187)
[2016.08.05-14.59.20:353][126]LogModuleManager: Shutting down and abandoning module LogVisualizer (186)
[2016.08.05-14.59.20:353][126]LogModuleManager: Shutting down and abandoning module GameProjectGeneration (185)
[2016.08.05-14.59.20:353][126]LogModuleManager: Shutting down and abandoning module IntroTutorials (184)
[2016.08.05-14.59.20:353][126]LogModuleManager: Shutting down and abandoning module EditorLiveStreaming (183)
[2016.08.05-14.59.20:353][126]LogModuleManager: Shutting down and abandoning module IOSPlatformEditor (182)
[2016.08.05-14.59.20:353][126]LogModuleManager: Shutting down and abandoning module HTML5PlatformEditor (181)
[2016.08.05-14.59.20:353][126]LogModuleManager: Shutting down and abandoning module AndroidDeviceDetection (180)
[2016.08.05-14.59.21:094][126]LogModuleManager: Shutting down and abandoning module AndroidPlatformEditor (179)
[2016.08.05-14.59.21:095][126]LogModuleManager: Shutting down and abandoning module IOSRuntimeSettings (178)
[2016.08.05-14.59.21:095][126]LogModuleManager: Shutting down and abandoning module AndroidRuntimeSettings (177)
[2016.08.05-14.59.21:095][126]LogModuleManager: Shutting down and abandoning module MergeActors (176)
[2016.08.05-14.59.21:095][126]LogModuleManager: Shutting down and abandoning module SizeMap (175)
[2016.08.05-14.59.21:095][126]LogModuleManager: Shutting down and abandoning module TreeMap (174)
[2016.08.05-14.59.21:095][126]LogModuleManager: Shutting down and abandoning module ReferenceViewer (173)
[2016.08.05-14.59.21:095][126]LogModuleManager: Shutting down and abandoning module LocalizationService (172)
[2016.08.05-14.59.21:095][126]LogModuleManager: Shutting down and abandoning module LocalizationDashboard (171)
[2016.08.05-14.59.21:095][126]LogModuleManager: Shutting down and abandoning module HardwareTargeting (170)
[2016.08.05-14.59.21:095][126]LogModuleManager: Shutting down and abandoning module DeviceProfileEditor (169)
[2016.08.05-14.59.21:095][126]LogModuleManager: Shutting down and abandoning module UndoHistory (168)
[2016.08.05-14.59.21:095][126]LogModuleManager: Shutting down and abandoning module UserFeedback (167)
[2016.08.05-14.59.21:095][126]LogModuleManager: Shutting down and abandoning module XmlParser (166)
[2016.08.05-14.59.21:095][126]LogModuleManager: Shutting down and abandoning module Blutility (165)
[2016.08.05-14.59.21:095][126]LogModuleManager: Shutting down and abandoning module ProjectTargetPlatformEditor (164)
[2016.08.05-14.59.21:096][126]LogModuleManager: Shutting down and abandoning module ProjectSettingsViewer (163)
[2016.08.05-14.59.21:096][126]LogModuleManager: Shutting down and abandoning module InputBindingEditor (162)
[2016.08.05-14.59.21:096][126]LogModuleManager: Shutting down and abandoning module EditorSettingsViewer (161)
[2016.08.05-14.59.21:096][126]LogModuleManager: Shutting down and abandoning module SettingsEditor (160)
[2016.08.05-14.59.21:096][126]LogModuleManager: Shutting down and abandoning module ProjectLauncher (159)
[2016.08.05-14.59.21:096][126]LogModuleManager: Shutting down and abandoning module SessionFrontend (158)
[2016.08.05-14.59.21:096][126]LogModuleManager: Shutting down and abandoning module ProfilerClient (157)
[2016.08.05-14.59.21:096][126]LogModuleManager: Shutting down and abandoning module TargetDeviceServices (156)
[2016.08.05-14.59.21:096][126]LogModuleManager: Shutting down and abandoning module DeviceManager (155)
[2016.08.05-14.59.21:136][126]LogModuleManager: Shutting down and abandoning module AutomationController (154)
[2016.08.05-14.59.21:136][126]LogModuleManager: Shutting down and abandoning module AutomationWindow (153)
[2016.08.05-14.59.21:136][126]LogModuleManager: Shutting down and abandoning module Layers (152)
[2016.08.05-14.59.21:136][126]LogModuleManager: Shutting down and abandoning module ComponentVisualizers (151)
[2016.08.05-14.59.21:136][126]LogModuleManager: Shutting down and abandoning module DetailCustomizations (150)
[2016.08.05-14.59.21:136][126]LogModuleManager: Shutting down and abandoning module PackagesDialog (149)
[2016.08.05-14.59.21:136][126]LogModuleManager: Shutting down and abandoning module Persona (148)
[2016.08.05-14.59.21:137][126]LogModuleManager: Shutting down and abandoning module Kismet (147)
[2016.08.05-14.59.21:137][126]LogModuleManager: Shutting down and abandoning module GraphEditor (146)
[2016.08.05-14.59.21:137][126]LogModuleManager: Shutting down and abandoning module ClassViewer (145)
[2016.08.05-14.59.21:137][126]LogModuleManager: Shutting down and abandoning module Toolbox (144)
[2016.08.05-14.59.21:137][126]LogModuleManager: Shutting down and abandoning module ModuleUI (143)
[2016.08.05-14.59.21:137][126]LogModuleManager: Shutting down and abandoning module MovieSceneTools (142)
[2016.08.05-14.59.21:137][126]LogModuleManager: Shutting down and abandoning module OutputLog (141)
[2016.08.05-14.59.21:137][126]LogModuleManager: Shutting down and abandoning module GammaUI (140)
[2016.08.05-14.59.21:137][126]LogModuleManager: Shutting down and abandoning module Documentation (139)
[2016.08.05-14.59.21:137][126]LogModuleManager: Shutting down and abandoning module StreamingPauseRendering (138)
[2016.08.05-14.59.21:137][126]LogModuleManager: Shutting down and abandoning module AnalyticsET (137)
[2016.08.05-14.59.21:137][126]LogModuleManager: Shutting down and abandoning module Analytics (136)
[2016.08.05-14.59.21:137][126]LogModuleManager: Shutting down and abandoning module PortalServices (135)
[2016.08.05-14.59.21:137][126]LogModuleManager: Shutting down and abandoning module PortalRpc (134)
[2016.08.05-14.59.21:137][126]LogModuleManager: Shutting down and abandoning module MessagingRpc (133)
[2016.08.05-14.59.21:137][126]LogModuleManager: Shutting down and abandoning module GameplayDebugger (132)
[2016.08.05-14.59.21:137][126]LogModuleManager: Shutting down and abandoning module AITestSuite (131)
[2016.08.05-14.59.21:137][126]LogModuleManager: Shutting down and abandoning module AIModule (130)
[2016.08.05-14.59.21:137][126]LogModuleManager: Shutting down and abandoning module ProfilerService (129)
[2016.08.05-14.59.21:196][126]LogModuleManager: Shutting down and abandoning module TaskGraph (128)
[2016.08.05-14.59.21:196][126]LogModuleManager: Shutting down and abandoning module SlateRemote (127)
[2016.08.05-14.59.21:196][126]LogModuleManager: Shutting down and abandoning module SteamVRController (126)
[2016.08.05-14.59.21:196][126]LogModuleManager: Shutting down and abandoning module SteamVR (125)
[2016.08.05-14.59.21:196][126]LogModuleManager: Shutting down and abandoning module ProceduralMeshComponent (124)
[2016.08.05-14.59.21:196][126]LogModuleManager: Shutting down and abandoning module OculusLibrary (123)
[2016.08.05-14.59.21:197][126]LogModuleManager: Shutting down and abandoning module OculusInput (122)
[2016.08.05-14.59.21:197][126]LogModuleManager: Shutting down and abandoning module CustomMeshComponent (121)
[2016.08.05-14.59.21:197][126]LogModuleManager: Shutting down and abandoning module CableComponent (120)
[2016.08.05-14.59.21:197][126]LogModuleManager: Shutting down and abandoning module ArchVisCharacter (119)
[2016.08.05-14.59.21:197][126]LogModuleManager: Shutting down and abandoning module MediaPlayerEditor (118)
[2016.08.05-14.59.21:197][126]LogModuleManager: Shutting down and abandoning module HTML5Networking (117)
[2016.08.05-14.59.21:197][126]LogModuleManager: Shutting down and abandoning module SuperSearch (116)
[2016.08.05-14.59.21:197][126]LogModuleManager: Shutting down and abandoning module SuperSearchEditor (115)
[2016.08.05-14.59.21:197][126]LogModuleManager: Shutting down and abandoning module SpeedTreeImporter (114)
[2016.08.05-14.59.21:197][126]LogModuleManager: Shutting down and abandoning module PluginBrowser (113)
[2016.08.05-14.59.21:197][126]LogModuleManager: Shutting down and abandoning module EpicSurvey (112)
[2016.08.05-14.59.21:197][126]LogModuleManager: Shutting down and abandoning module DesktopPlatform (111)
[2016.08.05-14.59.21:197][126]LogModuleManager: Shutting down and abandoning module VisualStudioSourceCodeAccess (110)
[2016.08.05-14.59.21:197][126]LogModuleManager: Shutting down and abandoning module UObjectPlugin (109)
[2016.08.05-14.59.21:197][126]LogModuleManager: Shutting down and abandoning module SubversionSourceControl (108)
[2016.08.05-14.59.21:197][126]LogModuleManager: Shutting down and abandoning module PerforceSourceControl (107)
[2016.08.05-14.59.21:197][126]LogModuleManager: Shutting down and abandoning module SourceControl (106)
[2016.08.05-14.59.21:197][126]LogModuleManager: Shutting down and abandoning module GitSourceControl (105)
[2016.08.05-14.59.21:197][126]LogModuleManager: Shutting down and abandoning module LightPropagationVolumeEditor (104)
[2016.08.05-14.59.21:197][126]LogModuleManager: Shutting down and abandoning module PaperTiledImporter (103)
[2016.08.05-14.59.21:197][126]LogModuleManager: Shutting down and abandoning module PaperSpriteSheetImporter (102)
[2016.08.05-14.59.21:197][126]LogModuleManager: Shutting down and abandoning module MeshPaint (101)
[2016.08.05-14.59.21:197][126]LogModuleManager: Shutting down and abandoning module PixelInspectorModule (100)
[2016.08.05-14.59.21:197][126]LogModuleManager: Shutting down and abandoning module HotReload (99)
[2016.08.05-14.59.21:198][126]LogModuleManager: Shutting down and abandoning module MainFrame (98)
[2016.08.05-14.59.21:198][126]LogModuleManager: Shutting down and abandoning module LevelEditor (97)
[2016.08.05-14.59.21:199][126]LogModuleManager: Shutting down and abandoning module ContentBrowser (96)
[2016.08.05-14.59.21:200][126]LogModuleManager: Shutting down and abandoning module Paper2DEditor (95)
[2016.08.05-14.59.21:200][126]LogModuleManager: Shutting down and abandoning module UdpMessaging (94)
[2016.08.05-14.59.21:300][126]LogModuleManager: Shutting down and abandoning module LightPropagationVolumeRuntime (93)
[2016.08.05-14.59.21:300][126]LogModuleManager: Shutting down and abandoning module Paper2D (92)
[2016.08.05-14.59.21:300][126]LogModuleManager: Shutting down and abandoning module WindowsMoviePlayer (91)
[2016.08.05-14.59.21:300][126]LogModuleManager: Shutting down and abandoning module Media (90)
[2016.08.05-14.59.21:300][126]LogModuleManager: Shutting down and abandoning module WmfMedia (89)
[2016.08.05-14.59.21:301][126]LogModuleManager: Shutting down and abandoning module MediaAssets (88)
[2016.08.05-14.59.21:301][126]LogModuleManager: Shutting down and abandoning module GameLiveStreaming (87)
[2016.08.05-14.59.21:301][126]LogModuleManager: Shutting down and abandoning module GameplayTagsEditor (86)
[2016.08.05-14.59.21:301][126]LogModuleManager: Shutting down and abandoning module OnlineBlueprintSupport (85)
[2016.08.05-14.59.21:301][126]LogModuleManager: Shutting down and abandoning module VREditor (84)
[2016.08.05-14.59.21:301][126]LogModuleManager: Shutting down and abandoning module GameplayTasksEditor (83)
[2016.08.05-14.59.21:301][126]LogModuleManager: Shutting down and abandoning module PropertyEditor (82)
[2016.08.05-14.59.21:301][126]LogModuleManager: Shutting down and abandoning module BehaviorTreeEditor (81)
[2016.08.05-14.59.21:301][126]LogModuleManager: Shutting down and abandoning module FunctionalTesting (80)
[2016.08.05-14.59.21:301][126]LogModuleManager: Shutting down and abandoning module CollisionAnalyzer (79)
[2016.08.05-14.59.21:301][126]LogModuleManager: Shutting down and abandoning module Sequencer (78)
[2016.08.05-14.59.21:301][126]LogModuleManager: Shutting down and abandoning module WorkspaceMenuStructure (77)
[2016.08.05-14.59.21:301][126]LogModuleManager: Shutting down and abandoning module MessageLog (76)
[2016.08.05-14.59.21:302][126]LogModuleManager: Shutting down and abandoning module AssetTools (75)
[2016.08.05-14.59.21:302][126]LogModuleManager: Shutting down and abandoning module UMGEditor (74)
[2016.08.05-14.59.21:302][126]LogModuleManager: Shutting down and abandoning module UMG (73)
[2016.08.05-14.59.21:302][126]LogModuleManager: Shutting down and abandoning module SlateReflector (72)
[2016.08.05-14.59.21:302][126]LogModuleManager: Shutting down and abandoning module Slate (71)
[2016.08.05-14.59.21:302][126]LogModuleManager: Shutting down and abandoning module EditorStyle (70)
[2016.08.05-14.59.21:306][126]LogModuleManager: Shutting down and abandoning module SourceCodeAccess (69)
[2016.08.05-14.59.21:306][126]LogModuleManager: Shutting down and abandoning module HeadMountedDisplay (68)
[2016.08.05-14.59.21:306][126]LogModuleManager: Shutting down and abandoning module XAudio2 (67)
[2016.08.05-14.59.21:306][126]LogModuleManager: Shutting down and abandoning module Networking (65)
[2016.08.05-14.59.21:306][126]LogModuleManager: Shutting down and abandoning module Core (64)
[2016.08.05-14.59.21:306][126]LogModuleManager: Shutting down and abandoning module DirectoryWatcher (63)
[2016.08.05-14.59.21:307][126]LogModuleManager: Shutting down and abandoning module AssetRegistry (62)
[2016.08.05-14.59.21:456][126]LogModuleManager: Shutting down and abandoning module KismetCompiler (61)
[2016.08.05-14.59.21:457][126]LogModuleManager: Shutting down and abandoning module PhysXFormats (60)
[2016.08.05-14.59.21:457][126]LogModuleManager: Shutting down and abandoning module MeshUtilities (59)
[2016.08.05-14.59.21:457][126]LogModuleManager: Shutting down and abandoning module DerivedDataCache (58)
[2016.08.05-14.59.21:552][126]LogDerivedDataCache: Shutdown
[2016.08.05-14.59.21:552][126]LogModuleManager: Shutting down and abandoning module VulkanShaderFormat (57)
[2016.08.05-14.59.21:552][126]LogModuleManager: Shutting down and abandoning module ShaderFormatOpenGL (56)
[2016.08.05-14.59.21:553][126]LogModuleManager: Shutting down and abandoning module ShaderFormatD3D (55)
[2016.08.05-14.59.21:553][126]LogModuleManager: Shutting down and abandoning module MetalShaderFormat (54)
[2016.08.05-14.59.21:553][126]LogModuleManager: Shutting down and abandoning module TextureFormatUncompressed (53)
[2016.08.05-14.59.21:553][126]LogModuleManager: Shutting down and abandoning module TextureFormatPVR (52)
[2016.08.05-14.59.21:553][126]LogModuleManager: Shutting down and abandoning module TextureFormatIntelISPCTexComp (51)
[2016.08.05-14.59.21:553][126]LogModuleManager: Shutting down and abandoning module TextureFormatDXT (50)
[2016.08.05-14.59.21:553][126]LogModuleManager: Shutting down and abandoning module ImageWrapper (49)
[2016.08.05-14.59.21:553][126]LogModuleManager: Shutting down and abandoning module TextureFormatASTC (48)
[2016.08.05-14.59.21:553][126]LogModuleManager: Shutting down and abandoning module TextureFormatAndroid (47)
[2016.08.05-14.59.21:553][126]LogModuleManager: Shutting down and abandoning module AudioFormatOpus (46)
[2016.08.05-14.59.21:553][126]LogModuleManager: Shutting down and abandoning module AudioFormatOgg (45)
[2016.08.05-14.59.21:553][126]LogModuleManager: Shutting down and abandoning module AudioFormatADPCM (44)
[2016.08.05-14.59.21:553][126]LogModuleManager: Shutting down and abandoning module LinuxTargetPlatform (43)
[2016.08.05-14.59.21:553][126]LogModuleManager: Shutting down and abandoning module LinuxServerTargetPlatform (42)
[2016.08.05-14.59.21:553][126]LogModuleManager: Shutting down and abandoning module LinuxNoEditorTargetPlatform (41)
[2016.08.05-14.59.21:553][126]LogModuleManager: Shutting down and abandoning module TVOSTargetPlatform (40)
[2016.08.05-14.59.21:553][126]LogModuleManager: Shutting down and abandoning module Messaging (39)
[2016.08.05-14.59.21:553][126]LogModuleManager: Shutting down and abandoning module IOSTargetPlatform (38)
[2016.08.05-14.59.21:553][126]LogModuleManager: Shutting down and abandoning module HTML5TargetPlatform (37)
[2016.08.05-14.59.21:553][126]LogModuleManager: Shutting down and abandoning module Android_PVRTCTargetPlatform (36)
[2016.08.05-14.59.21:553][126]LogModuleManager: Shutting down and abandoning module Android_MultiTargetPlatform (35)
[2016.08.05-14.59.21:553][126]LogModuleManager: Shutting down and abandoning module Android_ETC2TargetPlatform (34)
[2016.08.05-14.59.21:553][126]LogModuleManager: Shutting down and abandoning module Android_ETC1TargetPlatform (33)
[2016.08.05-14.59.21:553][126]LogModuleManager: Shutting down and abandoning module Android_DXTTargetPlatform (32)
[2016.08.05-14.59.21:553][126]LogModuleManager: Shutting down and abandoning module Android_ATCTargetPlatform (31)
[2016.08.05-14.59.21:553][126]LogModuleManager: Shutting down and abandoning module Android_ASTCTargetPlatform (30)
[2016.08.05-14.59.21:553][126]LogModuleManager: Shutting down and abandoning module AndroidTargetPlatform (29)
[2016.08.05-14.59.21:553][126]LogModuleManager: Shutting down and abandoning module WindowsTargetPlatform (28)
[2016.08.05-14.59.21:553][126]LogModuleManager: Shutting down and abandoning module WindowsServerTargetPlatform (27)
[2016.08.05-14.59.21:554][126]LogModuleManager: Shutting down and abandoning module WindowsNoEditorTargetPlatform (26)
[2016.08.05-14.59.21:554][126]LogModuleManager: Shutting down and abandoning module WindowsClientTargetPlatform (25)
[2016.08.05-14.59.21:554][126]LogModuleManager: Shutting down and abandoning module AllDesktopTargetPlatform (24)
[2016.08.05-14.59.21:554][126]LogModuleManager: Shutting down and abandoning module TargetPlatform (23)
[2016.08.05-14.59.21:554][126]LogModuleManager: Shutting down and abandoning module InputCore (22)
[2016.08.05-14.59.21:554][126]LogModuleManager: Shutting down and abandoning module Settings (21)
[2016.08.05-14.59.21:554][126]LogModuleManager: Shutting down and abandoning module OnlineSubsystem (19)
[2016.08.05-14.59.21:554][126]LogModuleManager: Shutting down and abandoning module HTTP (18)
[2016.08.05-14.59.26:066][126]LogModuleManager: Shutting down and abandoning module XMPP (17)
[2016.08.05-14.59.26:066][126]LogModuleManager: Shutting down and abandoning module OculusRift (16)
[2016.08.05-14.59.26:066][126]LogModuleManager: Shutting down and abandoning module ExampleDeviceProfileSelector (15)
[2016.08.05-14.59.26:066][126]LogModuleManager: Shutting down and abandoning module TextureCompressor (14)
[2016.08.05-14.59.26:066][126]LogModuleManager: Shutting down and abandoning module ShaderCore (13)
[2016.08.05-14.59.26:066][126]LogModuleManager: Shutting down and abandoning module Landscape (12)
[2016.08.05-14.59.26:066][126]LogModuleManager: Shutting down and abandoning module SlateRHIRenderer (11)
[2016.08.05-14.59.26:068][126]LogModuleManager: Shutting down and abandoning module OpenGLDrv (10)
[2016.08.05-14.59.26:069][126]LogModuleManager: Shutting down and abandoning module D3D11RHI (9)
[2016.08.05-14.59.26:069][126]LogModuleManager: Shutting down and abandoning module AnimGraphRuntime (8)
[2016.08.05-14.59.26:069][126]LogModuleManager: Shutting down and abandoning module Renderer (7)
[2016.08.05-14.59.26:069][126]LogModuleManager: Shutting down and abandoning module Engine (6)
[2016.08.05-14.59.26:069][126]LogModuleManager: Shutting down and abandoning module CoreUObject (5)
[2016.08.05-14.59.26:069][126]LogModuleManager: Shutting down and abandoning module NetworkFile (4)
[2016.08.05-14.59.26:069][126]LogModuleManager: Shutting down and abandoning module StreamingFile (3)
[2016.08.05-14.59.26:069][126]LogModuleManager: Shutting down and abandoning module SandboxFile (2)
[2016.08.05-14.59.26:069][126]LogModuleManager: Shutting down and abandoning module PakFile (1)
[2016.08.05-14.59.26:073][126]LogExit: Exiting.
[2016.08.05-14.59.26:075][126]Log file closed, 08/05/16 10:59:26
