Log file open, 08/07/16 12:55:54
LogInit:Display: Running engine for game: OneEyedTank
LogPlatformFile: Not using cached read wrapper
LogInit:Display: RandInit(-297270148) SRandInit(-297270146).
LogTaskGraph: Started task graph with 4 named threads and 11 total threads with 1 sets of task threads.
LogStats: Stats thread started at 0.119365
LogInit: Version: 4.12.5-3039270+++UE4+Release-4.12
LogInit: API Version: 2992821
LogInit: Net Version: 3039270
LogDevObjectVersion: Number of dev versions registered: 13
LogDevObjectVersion:   Dev-Blueprints (B0D832E4-1F89-4F0D-ACCF-7EB736FD4AA2): 3
LogDevObjectVersion:   Dev-Build (E1C64328-A22C-4D53-A36C-8E866417BD8C): 0
LogDevObjectVersion:   Dev-Core (375EC13C-06E4-48FB-B500-84F0262A717E): 1
LogDevObjectVersion:   Dev-Editor (E4B068ED-F494-42E9-A231-DA0B2E46BB41): 2
LogDevObjectVersion:   Dev-Framework (CFFC743F-43B0-4480-9391-14DF171D2073): 6
LogDevObjectVersion:   Dev-Mobile (B02B49B5-BB20-44E9-A304-32B752E40360): 0
LogDevObjectVersion:   Dev-Networking (A4E4105C-59A1-49B5-A7C5-40C4547EDFEE): 0
LogDevObjectVersion:   Dev-Online (39C831C9-5AE6-47DC-9A44-9C173E1C8E7C): 0
LogDevObjectVersion:   Dev-Physics (78F01B33-EBEA-4F98-B9B4-84EACCB95AA2): 0
LogDevObjectVersion:   Dev-Platform (6631380F-2D4D-43E0-8009-CF276956A95A): 0
LogDevObjectVersion:   Dev-Rendering (12F88B9F-8875-4AFC-A67C-D90C383ABD29): 2
LogDevObjectVersion:   Dev-Sequencer (7B5AE74C-D270-4C10-A958-57980B212A5A): 0
LogDevObjectVersion:   Dev-VR (D7296918-1DD6-4BDD-9DE2-64A83CC13884): 0
LogInit: Compiled (64-bit): Jul  6 2016 09:09:46
LogInit: Compiled with Visual C++: 19.00.23026.00
LogInit: Build Configuration: Development
LogInit: Branch Name: ++UE4+Release-4.12
LogInit: Command line: -EpicPortal 
LogInit: Base directory: F:/Programs/Epic Games/4.12/Engine/Binaries/Win64/
LogInit: Installed Engine Build: 1
LogInit: Using libcurl 7.41.0
LogInit:  - built for x86_64-pc-win32
LogInit:  - supports SSL with WinSSL
LogInit:  - other features:
LogInit:      CURL_VERSION_SSL
LogInit:      CURL_VERSION_IPV6
LogInit:      CURL_VERSION_ASYNCHDNS
LogInit:      CURL_VERSION_LARGEFILE
LogInit:      CURL_VERSION_IDN
LogInit:  CurlRequestOptions (configurable via config and command line):
LogInit:  - bVerifyPeer = true  - Libcurl will verify peer certificate
LogInit:  - bUseHttpProxy = false  - Libcurl will NOT use HTTP proxy
LogInit:  - bDontReuseConnections = false  - Libcurl will reuse connections
LogInit:  - CertBundlePath = nullptr  - Libcurl will use whatever was configured at build time.
LogInit: Presizing for max 8388607 objects, including 0 objects not considered by GC, pre-allocating 0 bytes for permanent pool.
LogInit: Object subsystem initialized
[2016.08.07-16.55.54:266][  0]LogInit: Selected Device Profile: [Windows]
[2016.08.07-16.55.54:266][  0]LogInit: Applying CVar settings loaded from the selected device profile: [Windows]
[2016.08.07-16.55.54:277][  0]LogInit: Computer: Z600-PC
[2016.08.07-16.55.54:277][  0]LogInit: User: Z600
[2016.08.07-16.55.54:277][  0]LogInit: CPU Page size=65536, Cores=8
[2016.08.07-16.55.54:277][  0]LogInit: High frequency timer resolution =2.597695 MHz
[2016.08.07-16.55.54:277][  0]LogMemory: Memory total: Physical=12.0GB (12GB approx)
[2016.08.07-16.55.54:277][  0]LogMemory: Platform Memory Stats for Windows
[2016.08.07-16.55.54:277][  0]LogMemory: Process Physical Memory: 192.86 MB used, 192.86 MB peak
[2016.08.07-16.55.54:277][  0]LogMemory: Process Virtual Memory: 197.95 MB used, 197.95 MB peak
[2016.08.07-16.55.54:277][  0]LogMemory: Physical Memory: 7082.28 MB used, 12271.22 MB total
[2016.08.07-16.55.54:277][  0]LogMemory: Virtual Memory: 524.45 MB used, 8388608.00 MB total
[2016.08.07-16.55.54:338][  0]LogTextLocalizationManager: No specific translations for ('en-US') exist, so ('en') translations will be used.
[2016.08.07-16.55.54:916][  0]LogD3D11RHI: D3D11 adapters:
[2016.08.07-16.55.54:948][  0]LogD3D11RHI:    0. 'NVIDIA GeForce GTX 960' (Feature Level 11_0)
[2016.08.07-16.55.54:948][  0]LogD3D11RHI:       4010/0/5879 MB DedicatedVideo/DedicatedSystem/SharedSystem, Outputs:2, VendorId:0x10de
[2016.08.07-16.55.54:948][  0]LogD3D11RHI: Chosen D3D11 Adapter: 0
[2016.08.07-16.55.54:965][  0]LogD3D11RHI: Creating new Direct3DDevice
[2016.08.07-16.55.54:966][  0]LogD3D11RHI:     GPU DeviceId: 0x1401 (for the marketing name, search the web for "GPU Device Id")
[2016.08.07-16.55.54:966][  0]LogWindows: EnumDisplayDevices:
[2016.08.07-16.55.54:967][  0]LogWindows:    0. 'NVIDIA GeForce GTX 960' (P:1 D:1)
[2016.08.07-16.55.54:968][  0]LogWindows:    1. 'NVIDIA GeForce GTX 960' (P:0 D:1)
[2016.08.07-16.55.54:969][  0]LogWindows:    2. 'NVIDIA GeForce GTX 960' (P:0 D:0)
[2016.08.07-16.55.54:970][  0]LogWindows:    3. 'NVIDIA GeForce GTX 960' (P:0 D:0)
[2016.08.07-16.55.54:971][  0]LogWindows:    4. 'RDPDD Chained DD' (P:0 D:0)
[2016.08.07-16.55.54:972][  0]LogWindows:    5. 'RDP Encoder Mirror Driver' (P:0 D:0)
[2016.08.07-16.55.54:974][  0]LogWindows:    6. 'RDP Reflector Display Driver' (P:0 D:0)
[2016.08.07-16.55.54:975][  0]LogWindows: DebugString: GetVideoDriverDetailsInvalid PrimaryIsNotTheChoosenAdapter GetVideoDriverDetailsInvalid PrimaryIsNotTheChoosenAdapter GetVideoDriverDetailsInvalid PrimaryIsNotTheChoosenAdapter FoundDriverCount:4 
[2016.08.07-16.55.54:975][  0]LogD3D11RHI:     Adapter Name: NVIDIA GeForce GTX 960
[2016.08.07-16.55.54:975][  0]LogD3D11RHI:   Driver Version: 361.43 (internal:10.18.13.6143, unified:361.43)
[2016.08.07-16.55.54:975][  0]LogD3D11RHI:      Driver Date: 12-16-2015
[2016.08.07-16.55.54:975][  0]LogRHI: Texture pool is 1361 MB (70% of 1945 MB)
[2016.08.07-16.55.54:991][  0]LogD3D11RHI: Async texture creation enabled
[2016.08.07-16.55.55:011][  0]LogD3D11RHI: GPU Timing Frequency: 1000.000000 (Debug: 2 2)
[2016.08.07-16.55.55:011][  0]LogShaderCompilers: Guid format shader working directory is 24 characters bigger than the processId version (D:/Unreal/OneEyedTank/Intermediate/Shaders/WorkingDirectory/6784/).
[2016.08.07-16.55.55:011][  0]LogShaderCompilers: Cleaned the shader compiler working directory 'C:/Users/Z600/AppData/Local/Temp/UnrealShaderWorkingDir/6FBA29224A6F6ED0471103AB2C1C6541/'.
[2016.08.07-16.55.55:011][  0]LogShaderCompilers:Display: Using Local Shader Compiler.
[2016.08.07-16.55.56:303][  0]LogTemp:Display: Loaded TP AllDesktopTargetPlatform
[2016.08.07-16.55.56:317][  0]LogTemp:Display: Loaded TP WindowsClientTargetPlatform
[2016.08.07-16.55.56:330][  0]LogTemp:Display: Loaded TP WindowsNoEditorTargetPlatform
[2016.08.07-16.55.56:344][  0]LogTemp:Display: Loaded TP WindowsServerTargetPlatform
[2016.08.07-16.55.56:358][  0]LogTemp:Display: Loaded TP WindowsTargetPlatform
[2016.08.07-16.55.56:371][  0]LogTemp:Display: Loaded TP AndroidTargetPlatform
[2016.08.07-16.55.56:383][  0]LogTemp:Display: Loaded TP Android_ASTCTargetPlatform
[2016.08.07-16.55.56:396][  0]LogTemp:Display: Loaded TP Android_ATCTargetPlatform
[2016.08.07-16.55.56:408][  0]LogTemp:Display: Loaded TP Android_DXTTargetPlatform
[2016.08.07-16.55.56:420][  0]LogTemp:Display: Loaded TP Android_ETC1TargetPlatform
[2016.08.07-16.55.56:433][  0]LogTemp:Display: Loaded TP Android_ETC2TargetPlatform
[2016.08.07-16.55.56:470][  0]LogTemp:Display: Loaded TP Android_MultiTargetPlatform
[2016.08.07-16.55.56:470][  0]LogTemp:Display: Loaded TP Android_PVRTCTargetPlatform
[2016.08.07-16.55.56:472][  0]LogTemp:Display: Loaded TP HTML5TargetPlatform
[2016.08.07-16.55.56:499][  0]LogTemp:Display: Loaded TP IOSTargetPlatform
[2016.08.07-16.55.56:513][  0]LogTemp:Display: Loaded TP TVOSTargetPlatform
[2016.08.07-16.55.56:525][  0]LogTemp:Display: Loaded TP LinuxNoEditorTargetPlatform
[2016.08.07-16.55.56:538][  0]LogTemp:Display: Loaded TP LinuxServerTargetPlatform
[2016.08.07-16.55.56:554][  0]LogTemp:Display: Loaded TP LinuxTargetPlatform
[2016.08.07-16.55.56:554][  0]LogTargetPlatformManager:Display: Building Assets For Windows
[2016.08.07-16.55.56:672][  0]LogDerivedDataCache:Display: Max Cache Size: 512 MB
[2016.08.07-16.55.56:746][  0]LogDerivedDataCache: Loaded boot cache 0.07s 48MB C:/Users/Z600/AppData/Local/UnrealEngine/4.12/DerivedDataCache/Boot.ddc.
[2016.08.07-16.55.56:746][  0]LogDerivedDataCache:Display: Loaded Boot cache: C:/Users/Z600/AppData/Local/UnrealEngine/4.12/DerivedDataCache/Boot.ddc
[2016.08.07-16.55.56:746][  0]LogDerivedDataCache: FDerivedDataBackendGraph:  Pak pak cache file D:/Unreal/OneEyedTank/DerivedDataCache/DDC.ddp not found, will not use a pak cache.
[2016.08.07-16.55.56:746][  0]LogDerivedDataCache: Unable to find inner node Pak for hierarchical cache Hierarchy.
[2016.08.07-16.55.56:746][  0]LogDerivedDataCache: FDerivedDataBackendGraph:  CompressedPak pak cache file D:/Unreal/OneEyedTank/DerivedDataCache/Compressed.ddp not found, will not use a pak cache.
[2016.08.07-16.55.56:746][  0]LogDerivedDataCache: Unable to find inner node CompressedPak for hierarchical cache Hierarchy.
[2016.08.07-16.55.56:774][  0]LogDerivedDataCache:Display: Pak cache opened for reading ../../../Engine/DerivedDataCache/Compressed.ddp.
[2016.08.07-16.55.56:785][  0]LogDerivedDataCache: Using Local data cache path C:/Users/Z600/AppData/Local/UnrealEngine/Common/DerivedDataCache: Writable
[2016.08.07-16.55.57:056][  0]LogInit: Selected Device Profile: [Windows]
[2016.08.07-16.55.57:057][  0]LogContentStreaming: Texture pool size is 0.00 MB
[2016.08.07-16.55.57:281][  0]LogMeshUtilities: No automatic mesh reduction module available
[2016.08.07-16.55.57:281][  0]LogMeshUtilities: No automatic mesh merging module available
[2016.08.07-16.55.57:281][  0]LogMeshUtilities: No distributed automatic mesh merging module available
[2016.08.07-16.55.57:640][  0]LogAssetRegistry: FAssetRegistry took 0.0207 seconds to start up
[2016.08.07-16.55.57:666][  0]LogPackageLocalizationCache: Processed 3 localized package path(s) for 2 prioritized culture(s) in 0.022703 seconds
[2016.08.07-16.55.57:673][  0]LogUObjectArray: 28739 objects as part of root set at end of initial load.
[2016.08.07-16.55.57:673][  0]LogUObjectAllocator: 5855632 out of 0 bytes used by permanent object pool.
[2016.08.07-16.55.57:673][  0]LogUObjectArray: CloseDisregardForGC: 0/0 objects in disregard for GC pool
[2016.08.07-16.55.57:683][  0]LogInit: WinSock: version 1.1 (2.2), MaxSocks=32767, MaxUdp=65467
[2016.08.07-16.55.57:930][  0]LogSlate: SlateFontCache - WITH_FREETYPE: 1, WITH_HARFBUZZ: 1
[2016.08.07-16.55.57:930][  0]LogSlate: SlateFontCache - WITH_FREETYPE: 1, WITH_HARFBUZZ: 1
[2016.08.07-16.55.58:836][  0]LogUdpMessaging: Initializing bridge on interface 0.0.0.0:0 to multicast group 230.0.0.1:6666.
[2016.08.07-16.55.59:110][  0]SourceControl: Info Source control is disabled
[2016.08.07-16.55.59:111][  0]SourceControl: Info Source control is disabled
[2016.08.07-16.55.59:120][  0]SourceControl: Info Source control is disabled
[2016.08.07-16.55.59:129][  0]SourceControl: Info Source control is disabled
[2016.08.07-16.55.59:392][  0]LogEngine: Initializing Engine...
[2016.08.07-16.55.59:395][  0]LogHMD: SteamVR failed to initialize.  Err: 110
[2016.08.07-16.55.59:398][  0]LogHMD: SteamVR failed to initialize.  Err: 110
[2016.08.07-16.55.59:616][  0]LogAIModule: Creating AISystem for world NewWorld
[2016.08.07-16.55.59:625][  0]LogInit: XAudio2 using 'Speakers (Realtek High Definition Audio)' : 2 channels at 48 kHz using 32 bits per sample (channel mask 0x3)
[2016.08.07-16.55.59:637][  0]LogInit: FAudioDevice initialized.
[2016.08.07-16.55.59:671][  0]LogDerivedDataCache: Saved boot cache 0.03s 48MB C:/Users/Z600/AppData/Local/UnrealEngine/4.12/DerivedDataCache/Boot.ddc.
[2016.08.07-16.55.59:681][  0]LogInit: Texture streaming: Enabled
[2016.08.07-16.55.59:720][  0]LogInit: Transaction tracking system initialized
[2016.08.07-16.55.59:757][  0]BlueprintLog: New page: Editor Load
[2016.08.07-16.55.59:882][  0]LocalizationService: Info Localization service is disabled
[2016.08.07-16.55.59:973][  0]LogConsoleResponse:Display: 
[2016.08.07-16.56.00:109][  0]LogCook:Display: Max memory allowance for cook 8192mb
[2016.08.07-16.56.00:109][  0]LogCook:Display: Mobile HDR setting 1
[2016.08.07-16.56.00:250][  0]LogFileCache: Scanning file cache for directory 'D:/Unreal/OneEyedTank/Content/' took 0.02s
[2016.08.07-16.56.00:250][  0]SourceControl: Info Source control is disabled
[2016.08.07-16.56.00:250][  0]Cmd: MAP LOAD FILE="D:/Unreal/OneEyedTank/Content/ThirdPersonBP/Maps/ThirdPersonExampleMap.umap" TEMPLATE=0 SHOWPROGRESS=1 FEATURELEVEL=3
[2016.08.07-16.56.00:251][  0]LightingResults: New page: Lighting Build
[2016.08.07-16.56.00:254][  0]MapCheck: New page: Map Check
[2016.08.07-16.56.00:254][  0]LightingResults: New page: Lighting Build
[2016.08.07-16.56.01:215][  0]LogAIModule: Creating AISystem for world ThirdPersonExampleMap
[2016.08.07-16.56.01:265][  0]LogEditorServer: Finished looking for orphan Actors (0.000 secs)
[2016.08.07-16.56.01:285][  0]Cmd: MAP CHECKDEP NOCLEARLOG
[2016.08.07-16.56.01:337][  0]MapCheck: Info Map check complete: 0 Error(s), 0 Warning(s), took 51.479ms to complete.
[2016.08.07-16.56.01:337][  0]LogFileHelpers: Loading map 'ThirdPersonExampleMap' took 1.087
[2016.08.07-16.56.01:618][  0]LogCollectionManager: Loaded 0 collections in 0.001803 seconds
[2016.08.07-16.56.01:665][  0]LogFileCache: Scanning file cache for directory 'D:/Unreal/OneEyedTank/Saved/Collections/' took 0.01s
[2016.08.07-16.56.01:665][  0]LogFileCache: Scanning file cache for directory 'D:/Unreal/OneEyedTank/Content/Developers/Z600/Collections/' took 0.01s
[2016.08.07-16.56.01:665][  0]LogFileCache: Scanning file cache for directory 'D:/Unreal/OneEyedTank/Content/Collections/' took 0.01s
[2016.08.07-16.56.01:665][  0]LogCollectionManager: Rebuilt the GUID cache for 0 collections in 0.000004 seconds
[2016.08.07-16.56.01:686][  0]LogContentBrowser: Native class hierarchy populated in 0.0207 seconds. Added 2047 classes and 369 folders.
[2016.08.07-16.56.01:690][  0]LogStats: UGameplayTagsManager::ConstructGameplayTagTree: Construct from data asset -  0.000 s
[2016.08.07-16.56.01:691][  0]LogStats: UGameplayTagsManager::ConstructGameplayTagTree: GameplayTagTreeChangedEvent.Broadcast -  0.000 s
[2016.08.07-16.56.01:691][  0]LogContentBrowser: Native class hierarchy updated for 'GameplayTags' in 0.0006 seconds. Added 12 classes and 0 folders.
[2016.08.07-16.56.01:696][  0]LogContentBrowser: Native class hierarchy updated for 'WidgetCarousel' in 0.0004 seconds. Added 0 classes and 0 folders.
[2016.08.07-16.56.01:749][  0]LogContentBrowser: Native class hierarchy updated for 'AddContentDialog' in 0.0005 seconds. Added 0 classes and 0 folders.
[2016.08.07-16.56.01:756][  0]LogContentBrowser: Native class hierarchy updated for 'SceneOutliner' in 0.0005 seconds. Added 1 classes and 2 folders.
[2016.08.07-16.56.01:838][  0]LogCrashTracker: Crashtracker disabled due to settings.
[2016.08.07-16.56.01:844][  0]LogUObjectGlobals:Warning: Failed to find object 'Class None.'
[2016.08.07-16.56.01:872][  0]LogContentBrowser: Native class hierarchy updated for 'HierarchicalLODOutliner' in 0.0006 seconds. Added 1 classes and 2 folders.
[2016.08.07-16.56.01:872][  0]LogLoad: Full Startup: 8.92 seconds (BP compile: 0.17 seconds)
[2016.08.07-16.56.01:872][  0]LogExternalProfiler: No external profilers were discovered.  External profiling features will not be available.
[2016.08.07-16.56.01:881][  0]LogOcInput: OculusInput pre-init called
[2016.08.07-16.56.01:903][  0]LogContentStreaming: Texture pool size now 1000 MB
[2016.08.07-16.56.02:136][  0]LogRenderer: Reallocating scene render targets to support 1248x652 (Frame:2).
[2016.08.07-16.56.02:219][  1]Cmd: UpdateLandscapeEditorData -warnings
[2016.08.07-16.56.02:360][  2]LogAssetRegistry: Asset discovery search completed in 4.7414 seconds
[2016.08.07-16.56.02:360][  2]LogCollectionManager: Rebuilt the object cache for 0 collections in 0.000002 seconds (found 0 objects)
[2016.08.07-16.56.02:360][  2]LogCollectionManager: Fixed up redirectors for 0 collections in 0.000047 seconds (updated 0 objects)
[2016.08.07-16.56.04:000][ 75]LogLinker:Warning: Can't find file '/Game/Sedan/Sedan_FrontWheel'
[2016.08.07-16.56.04:001][ 75]LogLinker:Warning: Can't find file '/Game/Sedan/Sedan_FrontWheel'
[2016.08.07-16.56.04:001][ 75]LogUObjectGlobals:Warning: Failed to find object 'Object /Game/Sedan/Sedan_FrontWheel.Sedan_FrontWheel'
[2016.08.07-16.56.21:684][357]LogContentBrowser: Native class hierarchy updated for 'BlueprintGraph' in 0.0018 seconds. Added 111 classes and 0 folders.
[2016.08.07-16.56.57:526][ 57]BlueprintLog: New page: Compile Test_Wheel
[2016.08.07-16.56.57:682][ 57]BlueprintEditorCompileResults: Info [0064.73] Compile of Test_Wheel successful! [in 156 ms] (/Game/Characters/Tank_Test/Mesh/Test_Wheel.Test_Wheel)
[2016.08.07-16.57.04:212][454]LogRenderer: Reallocating scene render targets to support 1248x712 (Frame:2427).
[2016.08.07-16.57.07:334][777]LogBlueprintUserMessages: Early PlayInEditor Detection: Level '/Game/ThirdPersonBP/Maps/ThirdPersonExampleMap.ThirdPersonExampleMap:PersistentLevel' has LevelScriptBlueprint '/Game/ThirdPersonBP/Maps/ThirdPersonExampleMap.ThirdPersonExampleMap:PersistentLevel.ThirdPersonExampleMap' with GeneratedClass '/Game/ThirdPersonBP/Maps/ThirdPersonExampleMap.ThirdPersonExampleMap_C' with ClassGeneratedBy '/Game/ThirdPersonBP/Maps/ThirdPersonExampleMap.ThirdPersonExampleMap:PersistentLevel.ThirdPersonExampleMap'
[2016.08.07-16.57.07:334][777]LogPlayLevel: PlayLevel: No blueprints needed recompiling
[2016.08.07-16.57.07:335][777]PIE: New page: PIE session: ThirdPersonExampleMap (Aug 7, 2016, 7:57:07 AM)
[2016.08.07-16.57.07:336][777]LogPlayLevel: Creating play world package: /Game/ThirdPersonBP/Maps/UEDPIE_0_ThirdPersonExampleMap
[2016.08.07-16.57.07:425][777]LogPlayLevel: PIE: StaticDuplicateObject took: (0.089424s)
[2016.08.07-16.57.07:428][777]LogAIModule: Creating AISystem for world ThirdPersonExampleMap
[2016.08.07-16.57.07:428][777]LogPlayLevel: PIE: World Init took: (0.002723s)
[2016.08.07-16.57.07:428][777]LogPlayLevel: PIE: Created PIE world by copying editor world from /Game/ThirdPersonBP/Maps/ThirdPersonExampleMap.ThirdPersonExampleMap to /Game/ThirdPersonBP/Maps/UEDPIE_0_ThirdPersonExampleMap.ThirdPersonExampleMap (0.092693s)
[2016.08.07-16.57.07:464][777]LogInit: XAudio2 using 'Speakers (Realtek High Definition Audio)' : 2 channels at 48 kHz using 32 bits per sample (channel mask 0x3)
[2016.08.07-16.57.07:471][777]LogInit: FAudioDevice initialized.
[2016.08.07-16.57.07:536][777]LogWorld: Game class is 'ThirdPersonGameMode_C'
[2016.08.07-16.57.07:555][777]LogWorld: Bringing World /Game/ThirdPersonBP/Maps/UEDPIE_0_ThirdPersonExampleMap.ThirdPersonExampleMap up for play (max tick rate 0) at 2016.08.07-12.57.07
[2016.08.07-16.57.07:557][777]LogWorld: Bringing up level for play took: 0.017879
[2016.08.07-16.57.07:561][777]LogContentBrowser: Native class hierarchy updated for 'MovieSceneCapture' in 0.0006 seconds. Added 11 classes and 0 folders.
[2016.08.07-16.57.07:614][777]PIE: Info Play in editor start time for /Game/ThirdPersonBP/Maps/UEDPIE_0_ThirdPersonExampleMap 1.234
[2016.08.07-16.57.07:614][777]LogBlueprintUserMessages: Late PlayInEditor Detection: Level '/Game/ThirdPersonBP/Maps/ThirdPersonExampleMap.ThirdPersonExampleMap:PersistentLevel' has LevelScriptBlueprint '/Game/ThirdPersonBP/Maps/ThirdPersonExampleMap.ThirdPersonExampleMap:PersistentLevel.ThirdPersonExampleMap' with GeneratedClass '/Game/ThirdPersonBP/Maps/ThirdPersonExampleMap.ThirdPersonExampleMap_C' with ClassGeneratedBy '/Game/ThirdPersonBP/Maps/ThirdPersonExampleMap.ThirdPersonExampleMap:PersistentLevel.ThirdPersonExampleMap'
[2016.08.07-16.57.07:650][777]LogRenderer: Reallocating scene render targets to support 1292x756 (Frame:2748).
[2016.08.07-16.57.10:269][ 21]LogBlueprintUserMessages: Early EndPlayMap Detection: Level '/Game/ThirdPersonBP/Maps/ThirdPersonExampleMap.ThirdPersonExampleMap:PersistentLevel' has LevelScriptBlueprint '/Game/ThirdPersonBP/Maps/ThirdPersonExampleMap.ThirdPersonExampleMap:PersistentLevel.ThirdPersonExampleMap' with GeneratedClass '/Game/ThirdPersonBP/Maps/ThirdPersonExampleMap.ThirdPersonExampleMap_C' with ClassGeneratedBy '/Game/ThirdPersonBP/Maps/ThirdPersonExampleMap.ThirdPersonExampleMap:PersistentLevel.ThirdPersonExampleMap'
[2016.08.07-16.57.10:329][ 21]LogBlueprintUserMessages: Late EndPlayMap Detection: Level '/Game/ThirdPersonBP/Maps/ThirdPersonExampleMap.ThirdPersonExampleMap:PersistentLevel' has LevelScriptBlueprint '/Game/ThirdPersonBP/Maps/ThirdPersonExampleMap.ThirdPersonExampleMap:PersistentLevel.ThirdPersonExampleMap' with GeneratedClass '/Game/ThirdPersonBP/Maps/ThirdPersonExampleMap.ThirdPersonExampleMap_C' with ClassGeneratedBy '/Game/ThirdPersonBP/Maps/ThirdPersonExampleMap.ThirdPersonExampleMap:PersistentLevel.ThirdPersonExampleMap'
[2016.08.07-16.57.13:788][275]LogActorFactory: Actor Factory created Cube
[2016.08.07-16.57.14:277][311]LogActorFactory: Actor Factory created Cube
[2016.08.07-16.57.26:046][264]LogBlueprintUserMessages: Early PlayInEditor Detection: Level '/Game/ThirdPersonBP/Maps/ThirdPersonExampleMap.ThirdPersonExampleMap:PersistentLevel' has LevelScriptBlueprint '/Game/ThirdPersonBP/Maps/ThirdPersonExampleMap.ThirdPersonExampleMap:PersistentLevel.ThirdPersonExampleMap' with GeneratedClass '/Game/ThirdPersonBP/Maps/ThirdPersonExampleMap.ThirdPersonExampleMap_C' with ClassGeneratedBy '/Game/ThirdPersonBP/Maps/ThirdPersonExampleMap.ThirdPersonExampleMap:PersistentLevel.ThirdPersonExampleMap'
[2016.08.07-16.57.26:046][264]LogPlayLevel: PlayLevel: No blueprints needed recompiling
[2016.08.07-16.57.26:046][264]PIE: New page: PIE session: ThirdPersonExampleMap (Aug 7, 2016, 7:57:26 AM)
[2016.08.07-16.57.26:046][264]LogPlayLevel: Creating play world package: /Game/ThirdPersonBP/Maps/UEDPIE_0_ThirdPersonExampleMap
[2016.08.07-16.57.26:125][264]LogPlayLevel: PIE: StaticDuplicateObject took: (0.079126s)
[2016.08.07-16.57.26:126][264]LogAIModule: Creating AISystem for world ThirdPersonExampleMap
[2016.08.07-16.57.26:127][264]LogPlayLevel: PIE: World Init took: (0.001292s)
[2016.08.07-16.57.26:127][264]LogPlayLevel: PIE: Created PIE world by copying editor world from /Game/ThirdPersonBP/Maps/ThirdPersonExampleMap.ThirdPersonExampleMap to /Game/ThirdPersonBP/Maps/UEDPIE_0_ThirdPersonExampleMap.ThirdPersonExampleMap (0.080781s)
[2016.08.07-16.57.26:158][264]LogInit: XAudio2 using 'Speakers (Realtek High Definition Audio)' : 2 channels at 48 kHz using 32 bits per sample (channel mask 0x3)
[2016.08.07-16.57.26:166][264]LogInit: FAudioDevice initialized.
[2016.08.07-16.57.26:238][264]LogWorld: Game class is 'ThirdPersonGameMode_C'
[2016.08.07-16.57.26:256][264]LogWorld: Bringing World /Game/ThirdPersonBP/Maps/UEDPIE_0_ThirdPersonExampleMap.ThirdPersonExampleMap up for play (max tick rate 0) at 2016.08.07-12.57.26
[2016.08.07-16.57.26:257][264]LogWorld: Bringing up level for play took: 0.016778
[2016.08.07-16.57.26:260][264]PIE: Info Play in editor start time for /Game/ThirdPersonBP/Maps/UEDPIE_0_ThirdPersonExampleMap -0.12
[2016.08.07-16.57.26:260][264]LogBlueprintUserMessages: Late PlayInEditor Detection: Level '/Game/ThirdPersonBP/Maps/ThirdPersonExampleMap.ThirdPersonExampleMap:PersistentLevel' has LevelScriptBlueprint '/Game/ThirdPersonBP/Maps/ThirdPersonExampleMap.ThirdPersonExampleMap:PersistentLevel.ThirdPersonExampleMap' with GeneratedClass '/Game/ThirdPersonBP/Maps/ThirdPersonExampleMap.ThirdPersonExampleMap_C' with ClassGeneratedBy '/Game/ThirdPersonBP/Maps/ThirdPersonExampleMap.ThirdPersonExampleMap:PersistentLevel.ThirdPersonExampleMap'
[2016.08.07-16.57.28:073][406]LogBlueprintUserMessages: Early EndPlayMap Detection: Level '/Game/ThirdPersonBP/Maps/ThirdPersonExampleMap.ThirdPersonExampleMap:PersistentLevel' has LevelScriptBlueprint '/Game/ThirdPersonBP/Maps/ThirdPersonExampleMap.ThirdPersonExampleMap:PersistentLevel.ThirdPersonExampleMap' with GeneratedClass '/Game/ThirdPersonBP/Maps/ThirdPersonExampleMap.ThirdPersonExampleMap_C' with ClassGeneratedBy '/Game/ThirdPersonBP/Maps/ThirdPersonExampleMap.ThirdPersonExampleMap:PersistentLevel.ThirdPersonExampleMap'
[2016.08.07-16.57.28:142][406]LogBlueprintUserMessages: Late EndPlayMap Detection: Level '/Game/ThirdPersonBP/Maps/ThirdPersonExampleMap.ThirdPersonExampleMap:PersistentLevel' has LevelScriptBlueprint '/Game/ThirdPersonBP/Maps/ThirdPersonExampleMap.ThirdPersonExampleMap:PersistentLevel.ThirdPersonExampleMap' with GeneratedClass '/Game/ThirdPersonBP/Maps/ThirdPersonExampleMap.ThirdPersonExampleMap_C' with ClassGeneratedBy '/Game/ThirdPersonBP/Maps/ThirdPersonExampleMap.ThirdPersonExampleMap:PersistentLevel.ThirdPersonExampleMap'
[2016.08.07-16.57.28:896][464]LogEditorViewport: Clicking on Actor (LMB): StaticMeshActor (Cube)
[2016.08.07-16.57.29:330][500]Cmd: DELETE
[2016.08.07-16.57.29:330][500]Cmd: ACTOR DELETE
[2016.08.07-16.57.29:546][500]LogEditorActor: Deleted Actor: StaticMeshActor
[2016.08.07-16.57.29:585][500]LogEditorActor: Deleted 1 Actors (0.041 secs)
[2016.08.07-16.57.56:007][102]LogBlueprintUserMessages: Early PlayInEditor Detection: Level '/Game/ThirdPersonBP/Maps/ThirdPersonExampleMap.ThirdPersonExampleMap:PersistentLevel' has LevelScriptBlueprint '/Game/ThirdPersonBP/Maps/ThirdPersonExampleMap.ThirdPersonExampleMap:PersistentLevel.ThirdPersonExampleMap' with GeneratedClass '/Game/ThirdPersonBP/Maps/ThirdPersonExampleMap.ThirdPersonExampleMap_C' with ClassGeneratedBy '/Game/ThirdPersonBP/Maps/ThirdPersonExampleMap.ThirdPersonExampleMap:PersistentLevel.ThirdPersonExampleMap'
[2016.08.07-16.57.56:007][102]BlueprintLog: New page: Pre-Play auto-recompile
[2016.08.07-16.57.56:014][102]LogPlayLevel: [PlayLevel] Compiling Test_Car before play...
[2016.08.07-16.57.56:428][102]LogPlayLevel: PlayLevel: Blueprint regeneration took 421 ms (1 blueprints)
[2016.08.07-16.57.56:460][102]PIE: New page: PIE session: ThirdPersonExampleMap (Aug 7, 2016, 7:57:56 AM)
[2016.08.07-16.57.56:460][102]LogPlayLevel: Creating play world package: /Game/ThirdPersonBP/Maps/UEDPIE_0_ThirdPersonExampleMap
[2016.08.07-16.57.56:533][102]LogPlayLevel: PIE: StaticDuplicateObject took: (0.073121s)
[2016.08.07-16.57.56:535][102]LogAIModule: Creating AISystem for world ThirdPersonExampleMap
[2016.08.07-16.57.56:535][102]LogPlayLevel: PIE: World Init took: (0.001356s)
[2016.08.07-16.57.56:535][102]LogPlayLevel: PIE: Created PIE world by copying editor world from /Game/ThirdPersonBP/Maps/ThirdPersonExampleMap.ThirdPersonExampleMap to /Game/ThirdPersonBP/Maps/UEDPIE_0_ThirdPersonExampleMap.ThirdPersonExampleMap (0.074814s)
[2016.08.07-16.57.56:565][102]LogInit: XAudio2 using 'Speakers (Realtek High Definition Audio)' : 2 channels at 48 kHz using 32 bits per sample (channel mask 0x3)
[2016.08.07-16.57.56:573][102]LogInit: FAudioDevice initialized.
[2016.08.07-16.57.56:622][102]LogWorld: Game class is 'ThirdPersonGameMode_C'
[2016.08.07-16.57.56:640][102]LogWorld: Bringing World /Game/ThirdPersonBP/Maps/UEDPIE_0_ThirdPersonExampleMap.ThirdPersonExampleMap up for play (max tick rate 0) at 2016.08.07-12.57.56
[2016.08.07-16.57.56:641][102]LogWorld: Bringing up level for play took: 0.016944
[2016.08.07-16.57.56:701][102]PIE: Info Play in editor start time for /Game/ThirdPersonBP/Maps/UEDPIE_0_ThirdPersonExampleMap 0.32
[2016.08.07-16.57.56:702][102]LogBlueprintUserMessages: Late PlayInEditor Detection: Level '/Game/ThirdPersonBP/Maps/ThirdPersonExampleMap.ThirdPersonExampleMap:PersistentLevel' has LevelScriptBlueprint '/Game/ThirdPersonBP/Maps/ThirdPersonExampleMap.ThirdPersonExampleMap:PersistentLevel.ThirdPersonExampleMap' with GeneratedClass '/Game/ThirdPersonBP/Maps/ThirdPersonExampleMap.ThirdPersonExampleMap_C' with ClassGeneratedBy '/Game/ThirdPersonBP/Maps/ThirdPersonExampleMap.ThirdPersonExampleMap:PersistentLevel.ThirdPersonExampleMap'
[2016.08.07-16.57.58:212][275]LogBlueprintUserMessages: Early EndPlayMap Detection: Level '/Game/ThirdPersonBP/Maps/ThirdPersonExampleMap.ThirdPersonExampleMap:PersistentLevel' has LevelScriptBlueprint '/Game/ThirdPersonBP/Maps/ThirdPersonExampleMap.ThirdPersonExampleMap:PersistentLevel.ThirdPersonExampleMap' with GeneratedClass '/Game/ThirdPersonBP/Maps/ThirdPersonExampleMap.ThirdPersonExampleMap_C' with ClassGeneratedBy '/Game/ThirdPersonBP/Maps/ThirdPersonExampleMap.ThirdPersonExampleMap:PersistentLevel.ThirdPersonExampleMap'
[2016.08.07-16.57.58:274][275]LogBlueprintUserMessages: Late EndPlayMap Detection: Level '/Game/ThirdPersonBP/Maps/ThirdPersonExampleMap.ThirdPersonExampleMap:PersistentLevel' has LevelScriptBlueprint '/Game/ThirdPersonBP/Maps/ThirdPersonExampleMap.ThirdPersonExampleMap:PersistentLevel.ThirdPersonExampleMap' with GeneratedClass '/Game/ThirdPersonBP/Maps/ThirdPersonExampleMap.ThirdPersonExampleMap_C' with ClassGeneratedBy '/Game/ThirdPersonBP/Maps/ThirdPersonExampleMap.ThirdPersonExampleMap:PersistentLevel.ThirdPersonExampleMap'
[2016.08.07-16.58.01:612][593]LogEditorTransaction: Undo Edit Y
[2016.08.07-16.58.01:882][614]LogEditorTransaction: Undo Edit Y
[2016.08.07-16.58.02:159][628]LogEditorTransaction: Undo Edit Y
[2016.08.07-16.58.02:559][656]LogEditorTransaction: Undo Edit Y
[2016.08.07-16.59.45:752][678]Cmd: QUIT_EDITOR
[2016.08.07-16.59.45:821][678]LogExit: Preparing to exit.
[2016.08.07-16.59.47:053][678]LogExit: Editor shut down
[2016.08.07-16.59.47:054][678]LogExit: Transaction tracking system shut down
[2016.08.07-16.59.47:291][678]LogObj: Freed 0b from 0 cluster array pools.
[2016.08.07-16.59.47:291][678]LogExit: Object subsystem successfully closed.
[2016.08.07-16.59.47:319][678]LogD3D11RHI: Shutdown
[2016.08.07-16.59.47:319][678]LogD3D11RHI: CleanupD3DDevice
[2016.08.07-16.59.47:404][678]LogD3D11RHI: ~FD3D11DynamicRHI
[2016.08.07-16.59.47:414][678]LogModuleManager: Shutting down and abandoning module MovieSceneCapture (215)
[2016.08.07-16.59.47:414][678]LogModuleManager: Shutting down and abandoning module BlueprintGraph (214)
[2016.08.07-16.59.47:414][678]LogModuleManager: Shutting down and abandoning module HierarchicalLODOutliner (213)
[2016.08.07-16.59.47:414][678]LogModuleManager: Shutting down and abandoning module CrashTracker (212)
[2016.08.07-16.59.47:414][678]LogModuleManager: Shutting down and abandoning module SceneOutliner (211)
[2016.08.07-16.59.47:414][678]LogModuleManager: Shutting down and abandoning module WidgetCarousel (210)
[2016.08.07-16.59.47:414][678]LogModuleManager: Shutting down and abandoning module AddContentDialog (209)
[2016.08.07-16.59.47:415][678]LogModuleManager: Shutting down and abandoning module GameplayTags (208)
[2016.08.07-16.59.47:415][678]LogModuleManager: Shutting down and abandoning module EditorWidgets (207)
[2016.08.07-16.59.47:415][678]LogModuleManager: Shutting down and abandoning module CollectionManager (206)
[2016.08.07-16.59.47:416][678]LogModuleManager: Shutting down and abandoning module StatsViewer (205)
[2016.08.07-16.59.47:416][678]LogModuleManager: Shutting down and abandoning module FoliageEdit (204)
[2016.08.07-16.59.47:416][678]LogModuleManager: Shutting down and abandoning module LandscapeEditor (203)
[2016.08.07-16.59.47:416][678]LogModuleManager: Shutting down and abandoning module SceneDepthPickerMode (202)
[2016.08.07-16.59.47:416][678]LogModuleManager: Shutting down and abandoning module ActorPickerMode (201)
[2016.08.07-16.59.47:416][678]LogModuleManager: Shutting down and abandoning module GeometryMode (200)
[2016.08.07-16.59.47:416][678]LogModuleManager: Shutting down and abandoning module TextureAlignMode (199)
[2016.08.07-16.59.47:416][678]LogModuleManager: Shutting down and abandoning module BspMode (198)
[2016.08.07-16.59.47:416][678]LogModuleManager: Shutting down and abandoning module HardwareSurvey (197)
[2016.08.07-16.59.47:416][678]LogModuleManager: Shutting down and abandoning module SequenceRecorderSections (196)
[2016.08.07-16.59.47:416][678]LogModuleManager: Shutting down and abandoning module SequenceRecorder (195)
[2016.08.07-16.59.47:416][678]LogModuleManager: Shutting down and abandoning module AutomationWorker (194)
[2016.08.07-16.59.47:416][678]LogModuleManager: Shutting down and abandoning module MatineeToLevelSequence (193)
[2016.08.07-16.59.47:416][678]LogModuleManager: Shutting down and abandoning module PlacementMode (192)
[2016.08.07-16.59.47:416][678]LogModuleManager: Shutting down and abandoning module LevelSequenceEditor (191)
[2016.08.07-16.59.47:417][678]LogModuleManager: Shutting down and abandoning module CharacterAI (190)
[2016.08.07-16.59.47:417][678]LogModuleManager: Shutting down and abandoning module SmartSnapping (189)
[2016.08.07-16.59.47:417][678]LogModuleManager: Shutting down and abandoning module SessionServices (188)
[2016.08.07-16.59.47:417][678]LogModuleManager: Shutting down and abandoning module ViewportSnapping (187)
[2016.08.07-16.59.47:417][678]LogModuleManager: Shutting down and abandoning module LogVisualizer (186)
[2016.08.07-16.59.47:417][678]LogModuleManager: Shutting down and abandoning module GameProjectGeneration (185)
[2016.08.07-16.59.47:417][678]LogModuleManager: Shutting down and abandoning module IntroTutorials (184)
[2016.08.07-16.59.47:417][678]LogModuleManager: Shutting down and abandoning module EditorLiveStreaming (183)
[2016.08.07-16.59.47:417][678]LogModuleManager: Shutting down and abandoning module IOSPlatformEditor (182)
[2016.08.07-16.59.47:417][678]LogModuleManager: Shutting down and abandoning module HTML5PlatformEditor (181)
[2016.08.07-16.59.47:417][678]LogModuleManager: Shutting down and abandoning module AndroidDeviceDetection (180)
[2016.08.07-16.59.47:945][678]LogModuleManager: Shutting down and abandoning module AndroidPlatformEditor (179)
[2016.08.07-16.59.47:946][678]LogModuleManager: Shutting down and abandoning module IOSRuntimeSettings (178)
[2016.08.07-16.59.47:946][678]LogModuleManager: Shutting down and abandoning module AndroidRuntimeSettings (177)
[2016.08.07-16.59.47:946][678]LogModuleManager: Shutting down and abandoning module MergeActors (176)
[2016.08.07-16.59.47:946][678]LogModuleManager: Shutting down and abandoning module SizeMap (175)
[2016.08.07-16.59.47:946][678]LogModuleManager: Shutting down and abandoning module TreeMap (174)
[2016.08.07-16.59.47:946][678]LogModuleManager: Shutting down and abandoning module ReferenceViewer (173)
[2016.08.07-16.59.47:946][678]LogModuleManager: Shutting down and abandoning module LocalizationService (172)
[2016.08.07-16.59.47:946][678]LogModuleManager: Shutting down and abandoning module LocalizationDashboard (171)
[2016.08.07-16.59.47:946][678]LogModuleManager: Shutting down and abandoning module HardwareTargeting (170)
[2016.08.07-16.59.47:946][678]LogModuleManager: Shutting down and abandoning module DeviceProfileEditor (169)
[2016.08.07-16.59.47:946][678]LogModuleManager: Shutting down and abandoning module UndoHistory (168)
[2016.08.07-16.59.47:946][678]LogModuleManager: Shutting down and abandoning module UserFeedback (167)
[2016.08.07-16.59.47:946][678]LogModuleManager: Shutting down and abandoning module XmlParser (166)
[2016.08.07-16.59.47:946][678]LogModuleManager: Shutting down and abandoning module Blutility (165)
[2016.08.07-16.59.47:946][678]LogModuleManager: Shutting down and abandoning module ProjectTargetPlatformEditor (164)
[2016.08.07-16.59.47:946][678]LogModuleManager: Shutting down and abandoning module ProjectSettingsViewer (163)
[2016.08.07-16.59.47:946][678]LogModuleManager: Shutting down and abandoning module InputBindingEditor (162)
[2016.08.07-16.59.47:947][678]LogModuleManager: Shutting down and abandoning module EditorSettingsViewer (161)
[2016.08.07-16.59.47:947][678]LogModuleManager: Shutting down and abandoning module SettingsEditor (160)
[2016.08.07-16.59.47:947][678]LogModuleManager: Shutting down and abandoning module ProjectLauncher (159)
[2016.08.07-16.59.47:947][678]LogModuleManager: Shutting down and abandoning module SessionFrontend (158)
[2016.08.07-16.59.47:947][678]LogModuleManager: Shutting down and abandoning module ProfilerClient (157)
[2016.08.07-16.59.47:947][678]LogModuleManager: Shutting down and abandoning module TargetDeviceServices (156)
[2016.08.07-16.59.47:947][678]LogModuleManager: Shutting down and abandoning module DeviceManager (155)
[2016.08.07-16.59.47:987][678]LogModuleManager: Shutting down and abandoning module AutomationController (154)
[2016.08.07-16.59.47:987][678]LogModuleManager: Shutting down and abandoning module AutomationWindow (153)
[2016.08.07-16.59.47:987][678]LogModuleManager: Shutting down and abandoning module Layers (152)
[2016.08.07-16.59.47:987][678]LogModuleManager: Shutting down and abandoning module ComponentVisualizers (151)
[2016.08.07-16.59.47:987][678]LogModuleManager: Shutting down and abandoning module DetailCustomizations (150)
[2016.08.07-16.59.47:987][678]LogModuleManager: Shutting down and abandoning module PackagesDialog (149)
[2016.08.07-16.59.47:988][678]LogModuleManager: Shutting down and abandoning module Persona (148)
[2016.08.07-16.59.47:988][678]LogModuleManager: Shutting down and abandoning module Kismet (147)
[2016.08.07-16.59.47:988][678]LogModuleManager: Shutting down and abandoning module GraphEditor (146)
[2016.08.07-16.59.47:988][678]LogModuleManager: Shutting down and abandoning module ClassViewer (145)
[2016.08.07-16.59.47:988][678]LogModuleManager: Shutting down and abandoning module Toolbox (144)
[2016.08.07-16.59.47:988][678]LogModuleManager: Shutting down and abandoning module ModuleUI (143)
[2016.08.07-16.59.47:988][678]LogModuleManager: Shutting down and abandoning module MovieSceneTools (142)
[2016.08.07-16.59.47:988][678]LogModuleManager: Shutting down and abandoning module OutputLog (141)
[2016.08.07-16.59.47:988][678]LogModuleManager: Shutting down and abandoning module GammaUI (140)
[2016.08.07-16.59.47:988][678]LogModuleManager: Shutting down and abandoning module Documentation (139)
[2016.08.07-16.59.47:988][678]LogModuleManager: Shutting down and abandoning module StreamingPauseRendering (138)
[2016.08.07-16.59.47:988][678]LogModuleManager: Shutting down and abandoning module AnalyticsET (137)
[2016.08.07-16.59.47:988][678]LogModuleManager: Shutting down and abandoning module Analytics (136)
[2016.08.07-16.59.47:988][678]LogModuleManager: Shutting down and abandoning module PortalServices (135)
[2016.08.07-16.59.47:988][678]LogModuleManager: Shutting down and abandoning module PortalRpc (134)
[2016.08.07-16.59.47:988][678]LogModuleManager: Shutting down and abandoning module MessagingRpc (133)
[2016.08.07-16.59.47:988][678]LogModuleManager: Shutting down and abandoning module GameplayDebugger (132)
[2016.08.07-16.59.47:988][678]LogModuleManager: Shutting down and abandoning module AITestSuite (131)
[2016.08.07-16.59.47:988][678]LogModuleManager: Shutting down and abandoning module AIModule (130)
[2016.08.07-16.59.47:988][678]LogModuleManager: Shutting down and abandoning module ProfilerService (129)
[2016.08.07-16.59.48:096][678]LogModuleManager: Shutting down and abandoning module TaskGraph (128)
[2016.08.07-16.59.48:096][678]LogModuleManager: Shutting down and abandoning module SlateRemote (127)
[2016.08.07-16.59.48:096][678]LogModuleManager: Shutting down and abandoning module SteamVRController (126)
[2016.08.07-16.59.48:096][678]LogModuleManager: Shutting down and abandoning module SteamVR (125)
[2016.08.07-16.59.48:096][678]LogModuleManager: Shutting down and abandoning module ProceduralMeshComponent (124)
[2016.08.07-16.59.48:096][678]LogModuleManager: Shutting down and abandoning module OculusLibrary (123)
[2016.08.07-16.59.48:097][678]LogModuleManager: Shutting down and abandoning module OculusInput (122)
[2016.08.07-16.59.48:097][678]LogModuleManager: Shutting down and abandoning module CustomMeshComponent (121)
[2016.08.07-16.59.48:097][678]LogModuleManager: Shutting down and abandoning module CableComponent (120)
[2016.08.07-16.59.48:097][678]LogModuleManager: Shutting down and abandoning module ArchVisCharacter (119)
[2016.08.07-16.59.48:097][678]LogModuleManager: Shutting down and abandoning module MediaPlayerEditor (118)
[2016.08.07-16.59.48:097][678]LogModuleManager: Shutting down and abandoning module HTML5Networking (117)
[2016.08.07-16.59.48:097][678]LogModuleManager: Shutting down and abandoning module SuperSearch (116)
[2016.08.07-16.59.48:097][678]LogModuleManager: Shutting down and abandoning module SuperSearchEditor (115)
[2016.08.07-16.59.48:097][678]LogModuleManager: Shutting down and abandoning module SpeedTreeImporter (114)
[2016.08.07-16.59.48:097][678]LogModuleManager: Shutting down and abandoning module PluginBrowser (113)
[2016.08.07-16.59.48:097][678]LogModuleManager: Shutting down and abandoning module EpicSurvey (112)
[2016.08.07-16.59.48:097][678]LogModuleManager: Shutting down and abandoning module DesktopPlatform (111)
[2016.08.07-16.59.48:097][678]LogModuleManager: Shutting down and abandoning module VisualStudioSourceCodeAccess (110)
[2016.08.07-16.59.48:097][678]LogModuleManager: Shutting down and abandoning module UObjectPlugin (109)
[2016.08.07-16.59.48:097][678]LogModuleManager: Shutting down and abandoning module SubversionSourceControl (108)
[2016.08.07-16.59.48:097][678]LogModuleManager: Shutting down and abandoning module PerforceSourceControl (107)
[2016.08.07-16.59.48:097][678]LogModuleManager: Shutting down and abandoning module SourceControl (106)
[2016.08.07-16.59.48:097][678]LogModuleManager: Shutting down and abandoning module GitSourceControl (105)
[2016.08.07-16.59.48:097][678]LogModuleManager: Shutting down and abandoning module LightPropagationVolumeEditor (104)
[2016.08.07-16.59.48:097][678]LogModuleManager: Shutting down and abandoning module PaperTiledImporter (103)
[2016.08.07-16.59.48:097][678]LogModuleManager: Shutting down and abandoning module PaperSpriteSheetImporter (102)
[2016.08.07-16.59.48:097][678]LogModuleManager: Shutting down and abandoning module MeshPaint (101)
[2016.08.07-16.59.48:097][678]LogModuleManager: Shutting down and abandoning module PixelInspectorModule (100)
[2016.08.07-16.59.48:097][678]LogModuleManager: Shutting down and abandoning module HotReload (99)
[2016.08.07-16.59.48:099][678]LogModuleManager: Shutting down and abandoning module MainFrame (98)
[2016.08.07-16.59.48:099][678]LogModuleManager: Shutting down and abandoning module LevelEditor (97)
[2016.08.07-16.59.48:100][678]LogModuleManager: Shutting down and abandoning module ContentBrowser (96)
[2016.08.07-16.59.48:102][678]LogModuleManager: Shutting down and abandoning module Paper2DEditor (95)
[2016.08.07-16.59.48:102][678]LogModuleManager: Shutting down and abandoning module UdpMessaging (94)
[2016.08.07-16.59.48:202][678]LogModuleManager: Shutting down and abandoning module LightPropagationVolumeRuntime (93)
[2016.08.07-16.59.48:202][678]LogModuleManager: Shutting down and abandoning module Paper2D (92)
[2016.08.07-16.59.48:202][678]LogModuleManager: Shutting down and abandoning module WindowsMoviePlayer (91)
[2016.08.07-16.59.48:202][678]LogModuleManager: Shutting down and abandoning module Media (90)
[2016.08.07-16.59.48:202][678]LogModuleManager: Shutting down and abandoning module WmfMedia (89)
[2016.08.07-16.59.48:203][678]LogModuleManager: Shutting down and abandoning module MediaAssets (88)
[2016.08.07-16.59.48:203][678]LogModuleManager: Shutting down and abandoning module GameLiveStreaming (87)
[2016.08.07-16.59.48:203][678]LogModuleManager: Shutting down and abandoning module GameplayTagsEditor (86)
[2016.08.07-16.59.48:203][678]LogModuleManager: Shutting down and abandoning module OnlineBlueprintSupport (85)
[2016.08.07-16.59.48:203][678]LogModuleManager: Shutting down and abandoning module VREditor (84)
[2016.08.07-16.59.48:203][678]LogModuleManager: Shutting down and abandoning module GameplayTasksEditor (83)
[2016.08.07-16.59.48:203][678]LogModuleManager: Shutting down and abandoning module PropertyEditor (82)
[2016.08.07-16.59.48:203][678]LogModuleManager: Shutting down and abandoning module BehaviorTreeEditor (81)
[2016.08.07-16.59.48:203][678]LogModuleManager: Shutting down and abandoning module FunctionalTesting (80)
[2016.08.07-16.59.48:203][678]LogModuleManager: Shutting down and abandoning module CollisionAnalyzer (79)
[2016.08.07-16.59.48:203][678]LogModuleManager: Shutting down and abandoning module Sequencer (78)
[2016.08.07-16.59.48:203][678]LogModuleManager: Shutting down and abandoning module WorkspaceMenuStructure (77)
[2016.08.07-16.59.48:203][678]LogModuleManager: Shutting down and abandoning module MessageLog (76)
[2016.08.07-16.59.48:204][678]LogModuleManager: Shutting down and abandoning module AssetTools (75)
[2016.08.07-16.59.48:204][678]LogModuleManager: Shutting down and abandoning module UMGEditor (74)
[2016.08.07-16.59.48:204][678]LogModuleManager: Shutting down and abandoning module UMG (73)
[2016.08.07-16.59.48:204][678]LogModuleManager: Shutting down and abandoning module SlateReflector (72)
[2016.08.07-16.59.48:204][678]LogModuleManager: Shutting down and abandoning module Slate (71)
[2016.08.07-16.59.48:204][678]LogModuleManager: Shutting down and abandoning module EditorStyle (70)
[2016.08.07-16.59.48:208][678]LogModuleManager: Shutting down and abandoning module SourceCodeAccess (69)
[2016.08.07-16.59.48:208][678]LogModuleManager: Shutting down and abandoning module HeadMountedDisplay (68)
[2016.08.07-16.59.48:208][678]LogModuleManager: Shutting down and abandoning module XAudio2 (67)
[2016.08.07-16.59.48:208][678]LogModuleManager: Shutting down and abandoning module Networking (65)
[2016.08.07-16.59.48:208][678]LogModuleManager: Shutting down and abandoning module Core (64)
[2016.08.07-16.59.48:208][678]LogModuleManager: Shutting down and abandoning module DirectoryWatcher (63)
[2016.08.07-16.59.48:209][678]LogModuleManager: Shutting down and abandoning module AssetRegistry (62)
[2016.08.07-16.59.48:305][678]LogModuleManager: Shutting down and abandoning module KismetCompiler (61)
[2016.08.07-16.59.48:305][678]LogModuleManager: Shutting down and abandoning module PhysXFormats (60)
[2016.08.07-16.59.48:305][678]LogModuleManager: Shutting down and abandoning module MeshUtilities (59)
[2016.08.07-16.59.48:306][678]LogModuleManager: Shutting down and abandoning module DerivedDataCache (58)
[2016.08.07-16.59.48:344][678]LogDerivedDataCache: Shutdown
[2016.08.07-16.59.48:344][678]LogModuleManager: Shutting down and abandoning module VulkanShaderFormat (57)
[2016.08.07-16.59.48:344][678]LogModuleManager: Shutting down and abandoning module ShaderFormatOpenGL (56)
[2016.08.07-16.59.48:344][678]LogModuleManager: Shutting down and abandoning module ShaderFormatD3D (55)
[2016.08.07-16.59.48:344][678]LogModuleManager: Shutting down and abandoning module MetalShaderFormat (54)
[2016.08.07-16.59.48:344][678]LogModuleManager: Shutting down and abandoning module TextureFormatUncompressed (53)
[2016.08.07-16.59.48:344][678]LogModuleManager: Shutting down and abandoning module TextureFormatPVR (52)
[2016.08.07-16.59.48:344][678]LogModuleManager: Shutting down and abandoning module TextureFormatIntelISPCTexComp (51)
[2016.08.07-16.59.48:345][678]LogModuleManager: Shutting down and abandoning module TextureFormatDXT (50)
[2016.08.07-16.59.48:345][678]LogModuleManager: Shutting down and abandoning module ImageWrapper (49)
[2016.08.07-16.59.48:345][678]LogModuleManager: Shutting down and abandoning module TextureFormatASTC (48)
[2016.08.07-16.59.48:345][678]LogModuleManager: Shutting down and abandoning module TextureFormatAndroid (47)
[2016.08.07-16.59.48:345][678]LogModuleManager: Shutting down and abandoning module AudioFormatOpus (46)
[2016.08.07-16.59.48:345][678]LogModuleManager: Shutting down and abandoning module AudioFormatOgg (45)
[2016.08.07-16.59.48:345][678]LogModuleManager: Shutting down and abandoning module AudioFormatADPCM (44)
[2016.08.07-16.59.48:345][678]LogModuleManager: Shutting down and abandoning module LinuxTargetPlatform (43)
[2016.08.07-16.59.48:345][678]LogModuleManager: Shutting down and abandoning module LinuxServerTargetPlatform (42)
[2016.08.07-16.59.48:345][678]LogModuleManager: Shutting down and abandoning module LinuxNoEditorTargetPlatform (41)
[2016.08.07-16.59.48:345][678]LogModuleManager: Shutting down and abandoning module TVOSTargetPlatform (40)
[2016.08.07-16.59.48:345][678]LogModuleManager: Shutting down and abandoning module Messaging (39)
[2016.08.07-16.59.48:345][678]LogModuleManager: Shutting down and abandoning module IOSTargetPlatform (38)
[2016.08.07-16.59.48:345][678]LogModuleManager: Shutting down and abandoning module HTML5TargetPlatform (37)
[2016.08.07-16.59.48:345][678]LogModuleManager: Shutting down and abandoning module Android_PVRTCTargetPlatform (36)
[2016.08.07-16.59.48:345][678]LogModuleManager: Shutting down and abandoning module Android_MultiTargetPlatform (35)
[2016.08.07-16.59.48:345][678]LogModuleManager: Shutting down and abandoning module Android_ETC2TargetPlatform (34)
[2016.08.07-16.59.48:345][678]LogModuleManager: Shutting down and abandoning module Android_ETC1TargetPlatform (33)
[2016.08.07-16.59.48:345][678]LogModuleManager: Shutting down and abandoning module Android_DXTTargetPlatform (32)
[2016.08.07-16.59.48:345][678]LogModuleManager: Shutting down and abandoning module Android_ATCTargetPlatform (31)
[2016.08.07-16.59.48:345][678]LogModuleManager: Shutting down and abandoning module Android_ASTCTargetPlatform (30)
[2016.08.07-16.59.48:345][678]LogModuleManager: Shutting down and abandoning module AndroidTargetPlatform (29)
[2016.08.07-16.59.48:345][678]LogModuleManager: Shutting down and abandoning module WindowsTargetPlatform (28)
[2016.08.07-16.59.48:345][678]LogModuleManager: Shutting down and abandoning module WindowsServerTargetPlatform (27)
[2016.08.07-16.59.48:345][678]LogModuleManager: Shutting down and abandoning module WindowsNoEditorTargetPlatform (26)
[2016.08.07-16.59.48:345][678]LogModuleManager: Shutting down and abandoning module WindowsClientTargetPlatform (25)
[2016.08.07-16.59.48:345][678]LogModuleManager: Shutting down and abandoning module AllDesktopTargetPlatform (24)
[2016.08.07-16.59.48:345][678]LogModuleManager: Shutting down and abandoning module TargetPlatform (23)
[2016.08.07-16.59.48:345][678]LogModuleManager: Shutting down and abandoning module InputCore (22)
[2016.08.07-16.59.48:345][678]LogModuleManager: Shutting down and abandoning module Settings (21)
[2016.08.07-16.59.48:345][678]LogModuleManager: Shutting down and abandoning module OnlineSubsystem (19)
[2016.08.07-16.59.48:345][678]LogModuleManager: Shutting down and abandoning module HTTP (18)
[2016.08.07-16.59.52:857][678]LogModuleManager: Shutting down and abandoning module XMPP (17)
[2016.08.07-16.59.52:857][678]LogModuleManager: Shutting down and abandoning module OculusRift (16)
[2016.08.07-16.59.52:857][678]LogModuleManager: Shutting down and abandoning module ExampleDeviceProfileSelector (15)
[2016.08.07-16.59.52:857][678]LogModuleManager: Shutting down and abandoning module TextureCompressor (14)
[2016.08.07-16.59.52:857][678]LogModuleManager: Shutting down and abandoning module ShaderCore (13)
[2016.08.07-16.59.52:857][678]LogModuleManager: Shutting down and abandoning module Landscape (12)
[2016.08.07-16.59.52:857][678]LogModuleManager: Shutting down and abandoning module SlateRHIRenderer (11)
[2016.08.07-16.59.52:860][678]LogModuleManager: Shutting down and abandoning module OpenGLDrv (10)
[2016.08.07-16.59.52:860][678]LogModuleManager: Shutting down and abandoning module D3D11RHI (9)
[2016.08.07-16.59.52:860][678]LogModuleManager: Shutting down and abandoning module AnimGraphRuntime (8)
[2016.08.07-16.59.52:860][678]LogModuleManager: Shutting down and abandoning module Renderer (7)
[2016.08.07-16.59.52:860][678]LogModuleManager: Shutting down and abandoning module Engine (6)
[2016.08.07-16.59.52:860][678]LogModuleManager: Shutting down and abandoning module CoreUObject (5)
[2016.08.07-16.59.52:860][678]LogModuleManager: Shutting down and abandoning module NetworkFile (4)
[2016.08.07-16.59.52:860][678]LogModuleManager: Shutting down and abandoning module StreamingFile (3)
[2016.08.07-16.59.52:860][678]LogModuleManager: Shutting down and abandoning module SandboxFile (2)
[2016.08.07-16.59.52:860][678]LogModuleManager: Shutting down and abandoning module PakFile (1)
[2016.08.07-16.59.52:864][678]LogExit: Exiting.
[2016.08.07-16.59.52:867][678]Log file closed, 08/07/16 12:59:52
